<?xml version="1.0" encoding="UTF-8"?>
<testsuite xmlns:xsi="http://www.w3.org/2001/XMLSchema-instance" xsi:noNamespaceSchemaLocation="https://maven.apache.org/surefire/maven-surefire-plugin/xsd/surefire-test-report-3.0.xsd" version="3.0" name="com.ibm.candidateonboarding.HiringWorkflowControllerTest" time="17.174" tests="2" errors="0" skipped="0" failures="0">
  <properties>
[...]
</properties>
  <testcase name="shouldRunEndToEndWorkflow" classname="com.ibm.candidateonboarding.HiringWorkflowControllerTest" time="2.433">
    <system-out><![CDATA[16:09:03.042 [main] INFO org.springframework.test.context.support.AnnotationConfigContextLoaderUtils -- Could not detect default configuration classes for test class [com.ibm.candidateonboarding.HiringWorkflowControllerTest]: HiringWorkflowControllerTest does not declare any static, non-private, non-final, nested classes annotated with @Configuration.
16:09:03.235 [main] INFO org.springframework.boot.test.context.SpringBootTestContextBootstrapper -- Found @SpringBootConfiguration com.ibm.candidateonboarding.CandidateOnboardingApplication for test class com.ibm.candidateonboarding.HiringWorkflowControllerTest

  .   ____          _            __ _ _
 /\\ / ___'_ __ _ _(_)_ __  __ _ \ \ \ \
( ( )\___ | '_ | '_| | '_ \/ _` | \ \ \ \
 \\/  ___)| |_)| | | | | || (_| |  ) ) ) )
  '  |____| .__|_| |_|_| |_\__, | / / / /
 =========|_|==============|___/=/_/_/_/

 :: Spring Boot ::                (v3.3.2)

2026-05-19T16:09:03.928+05:30  INFO 21804 --- [candidate-onboarding] [           main] c.i.c.HiringWorkflowControllerTest       : Starting HiringWorkflowControllerTest using Java 17.0.7 with PID 21804 (started by SourajitBasak in C:\Sourajit\bob-a-thon\candidate-onboarding)
2026-05-19T16:09:03.929+05:30  INFO 21804 --- [candidate-onboarding] [           main] c.i.c.HiringWorkflowControllerTest       : No active profile set, falling back to 1 default profile: "default"
2026-05-19T16:09:03.930+05:30 DEBUG 21804 --- [candidate-onboarding] [           main] o.s.boot.SpringApplication               : Loading source class com.ibm.candidateonboarding.CandidateOnboardingApplication
2026-05-19T16:09:03.961+05:30 DEBUG 21804 --- [candidate-onboarding] [           main] o.s.w.c.s.GenericWebApplicationContext   : Refreshing org.springframework.web.context.support.GenericWebApplicationContext@31be6b49
2026-05-19T16:09:05.785+05:30  INFO 21804 --- [candidate-onboarding] [           main] .s.d.r.c.RepositoryConfigurationDelegate : Bootstrapping Spring Data JPA repositories in DEFAULT mode.
2026-05-19T16:09:05.831+05:30 DEBUG 21804 --- [candidate-onboarding] [           main] o.s.b.a.AutoConfigurationPackages        : @EnableAutoConfiguration was declared on a class in the package 'com.ibm.candidateonboarding'. Automatic @Repository and @Entity scanning is enabled.
2026-05-19T16:09:05.977+05:30  INFO 21804 --- [candidate-onboarding] [           main] .s.d.r.c.RepositoryConfigurationDelegate : Finished Spring Data repository scanning in 171 ms. Found 8 JPA repository interfaces.
2026-05-19T16:09:07.374+05:30  INFO 21804 --- [candidate-onboarding] [           main] o.hibernate.jpa.internal.util.LogHelper  : HHH000204: Processing PersistenceUnitInfo [name: default]
2026-05-19T16:09:07.524+05:30  INFO 21804 --- [candidate-onboarding] [           main] org.hibernate.Version                    : HHH000412: Hibernate ORM core version 6.5.2.Final
2026-05-19T16:09:07.623+05:30  INFO 21804 --- [candidate-onboarding] [           main] o.h.c.internal.RegionFactoryInitiator    : HHH000026: Second-level cache disabled
2026-05-19T16:09:08.646+05:30  INFO 21804 --- [candidate-onboarding] [           main] o.s.o.j.p.SpringPersistenceUnitInfo      : No LoadTimeWeaver setup: ignoring JPA class transformer
2026-05-19T16:09:08.714+05:30  INFO 21804 --- [candidate-onboarding] [           main] com.zaxxer.hikari.HikariDataSource       : HikariPool-1 - Starting...
2026-05-19T16:09:09.261+05:30  INFO 21804 --- [candidate-onboarding] [           main] com.zaxxer.hikari.pool.HikariPool        : HikariPool-1 - Added connection conn0: url=jdbc:h2:mem:candidateonboarding user=SA
2026-05-19T16:09:09.267+05:30  INFO 21804 --- [candidate-onboarding] [           main] com.zaxxer.hikari.HikariDataSource       : HikariPool-1 - Start completed.
2026-05-19T16:09:12.575+05:30  INFO 21804 --- [candidate-onboarding] [           main] o.h.e.t.j.p.i.JtaPlatformInitiator       : HHH000489: No JTA platform available (set 'hibernate.transaction.jta.platform' to enable JTA platform integration)
2026-05-19T16:09:12.673+05:30 DEBUG 21804 --- [candidate-onboarding] [           main] org.hibernate.SQL                        : 
    create table candidates (
        id varchar(255) not null,
        email varchar(255) not null,
        name varchar(255) not null,
        phone varchar(255) not null,
        source enum ('EXTERNAL','INTERNAL') not null,
        status enum ('CandidateHired','CandidateInterviewing','CandidateRejected','CandidateScreening','CandidateShortlisted','CandidateSourced') not null,
        resume_id varchar(255),
        primary key (id)
    )
2026-05-19T16:09:12.691+05:30 DEBUG 21804 --- [candidate-onboarding] [           main] org.hibernate.SQL                        : 
    create table face_to_face_meetings (
        id varchar(255) not null,
        agenda varchar(255) not null,
        agreement_reached boolean,
        candidate_id varchar(255) not null,
        location varchar(255) not null,
        outcome varchar(255),
        project_id varchar(255) not null,
        scheduled_at timestamp(6) with time zone not null,
        short_list_decision_id varchar(255) not null,
        status enum ('MeetingCancelled','MeetingCompleted','MeetingScheduled') not null,
        primary key (id)
    )
2026-05-19T16:09:12.694+05:30 DEBUG 21804 --- [candidate-onboarding] [           main] org.hibernate.SQL                        : 
    create table interview_panel_members (
        interview_id varchar(255) not null,
        panel_member varchar(255),
        member_order integer not null,
        primary key (interview_id, member_order)
    )
2026-05-19T16:09:12.698+05:30 DEBUG 21804 --- [candidate-onboarding] [           main] org.hibernate.SQL                        : 
    create table interviews (
        id varchar(255) not null,
        candidate_id varchar(255) not null,
        duration_minutes integer not null,
        feedback varchar(255),
        interview_type enum ('BEHAVIORAL','HR','MANAGERIAL','TECHNICAL') not null,
        overall_score integer,
        scheduled_at timestamp(6) with time zone not null,
        staffing_request_id varchar(255) not null,
        status enum ('InterviewCancelled','InterviewCompleted','InterviewScheduled') not null,
        teams_link varchar(255) not null,
        primary key (id)
    )
2026-05-19T16:09:12.700+05:30 DEBUG 21804 --- [candidate-onboarding] [           main] org.hibernate.SQL                        : 
    create table notifications (
        id varchar(255) not null,
        created_at timestamp(6) with time zone not null,
        message varchar(255) not null,
        recipient varchar(255) not null,
        primary key (id)
    )
2026-05-19T16:09:12.703+05:30 DEBUG 21804 --- [candidate-onboarding] [           main] org.hibernate.SQL                        : 
    create table onboarding_workflows (
        id varchar(255) not null,
        candidate_id varchar(255) not null,
        expected_completion_date date not null,
        face_to_face_meeting_id varchar(255) not null,
        hr_notification_sent boolean not null,
        progress integer not null,
        project_id varchar(255) not null,
        status enum ('OnboardingCompleted','OnboardingInProgress','OnboardingInitiated') not null,
        training_program_name varchar(255) not null,
        primary key (id)
    )
2026-05-19T16:09:12.704+05:30 DEBUG 21804 --- [candidate-onboarding] [           main] org.hibernate.SQL                        : 
    create table project_technology_stack (
        project_id varchar(255) not null,
        technology varchar(255),
        stack_index integer not null,
        primary key (project_id, stack_index)
    )
2026-05-19T16:09:12.707+05:30 DEBUG 21804 --- [candidate-onboarding] [           main] org.hibernate.SQL                        : 
    create table projects (
        id varchar(255) not null,
        commitments varchar(255) not null,
        manager_name varchar(255),
        name varchar(255) not null,
        start_date date not null,
        status enum ('ACTIVE','COMPLETED','ON_HOLD','PLANNING') not null,
        primary key (id)
    )
2026-05-19T16:09:12.712+05:30 DEBUG 21804 --- [candidate-onboarding] [           main] org.hibernate.SQL                        : 
    create table resumes (
        id varchar(255) not null,
        last_updated timestamp(6) with time zone not null,
        source_name varchar(255) not null,
        source_type varchar(255) not null,
        summary clob,
        total_experience_years integer not null,
        url varchar(255) not null,
        primary key (id)
    )
2026-05-19T16:09:12.716+05:30 DEBUG 21804 --- [candidate-onboarding] [           main] org.hibernate.SQL                        : 
    create table shortlist_decisions (
        id varchar(255) not null,
        candidate_id varchar(255) not null,
        interview_id varchar(255) not null,
        notification_triggered boolean not null,
        overall_score integer,
        reasoning varchar(255) not null,
        status varchar(255) not null,
        primary key (id)
    )
2026-05-19T16:09:12.719+05:30 DEBUG 21804 --- [candidate-onboarding] [           main] org.hibernate.SQL                        : 
    create table skills (
        id varchar(255) not null,
        mandatory boolean not null,
        minimum_years_of_experience integer,
        name varchar(255) not null,
        proficiency enum ('ADVANCED','BEGINNER','EXPERT','INTERMEDIATE') not null,
        staffing_request_id varchar(255),
        candidate_id varchar(255),
        primary key (id)
    )
2026-05-19T16:09:12.723+05:30 DEBUG 21804 --- [candidate-onboarding] [           main] org.hibernate.SQL                        : 
    create table staffing_requests (
        id varchar(255) not null,
        number_of_positions integer not null,
        project_id varchar(255) not null,
        status enum ('RequestCancelled','RequestFulfilled','RequestInProgress','RequestOpen') not null,
        urgency enum ('HIGH','LOW','MEDIUM') not null,
        primary key (id)
    )
2026-05-19T16:09:12.728+05:30 DEBUG 21804 --- [candidate-onboarding] [           main] org.hibernate.SQL                        : 
    alter table if exists candidates 
       drop constraint if exists UKnm2ss73jii2hdupmpphl6agry
2026-05-19T16:09:12.729+05:30 DEBUG 21804 --- [candidate-onboarding] [           main] org.hibernate.SQL                        : 
    alter table if exists candidates 
       add constraint UKnm2ss73jii2hdupmpphl6agry unique (email)
2026-05-19T16:09:12.732+05:30 DEBUG 21804 --- [candidate-onboarding] [           main] org.hibernate.SQL                        : 
    alter table if exists candidates 
       drop constraint if exists UKjveep1kft0l9hh3a6nfb9j9nv
2026-05-19T16:09:12.732+05:30 DEBUG 21804 --- [candidate-onboarding] [           main] org.hibernate.SQL                        : 
    alter table if exists candidates 
       add constraint UKjveep1kft0l9hh3a6nfb9j9nv unique (resume_id)
2026-05-19T16:09:12.734+05:30 DEBUG 21804 --- [candidate-onboarding] [           main] org.hibernate.SQL                        : 
    alter table if exists projects 
       drop constraint if exists UK1e447b96pedrvtxw44ot4qxem
2026-05-19T16:09:12.735+05:30 DEBUG 21804 --- [candidate-onboarding] [           main] org.hibernate.SQL                        : 
    alter table if exists projects 
       add constraint UK1e447b96pedrvtxw44ot4qxem unique (name)
2026-05-19T16:09:12.736+05:30 DEBUG 21804 --- [candidate-onboarding] [           main] org.hibernate.SQL                        : 
    alter table if exists candidates 
       add constraint FKacoyta4e6d7bxfgjyhfpmmi0i 
       foreign key (resume_id) 
       references resumes
2026-05-19T16:09:12.750+05:30 DEBUG 21804 --- [candidate-onboarding] [           main] org.hibernate.SQL                        : 
    alter table if exists interview_panel_members 
       add constraint FKc6xh4babjgum11oxicevvqbrx 
       foreign key (interview_id) 
       references interviews
2026-05-19T16:09:12.755+05:30 DEBUG 21804 --- [candidate-onboarding] [           main] org.hibernate.SQL                        : 
    alter table if exists project_technology_stack 
       add constraint FK4u2whcafmvbigb7k0k1xynvb8 
       foreign key (project_id) 
       references projects
2026-05-19T16:09:12.758+05:30 DEBUG 21804 --- [candidate-onboarding] [           main] org.hibernate.SQL                        : 
    alter table if exists skills 
       add constraint FKrf31ufsfkl7hiy42b259mdlq1 
       foreign key (staffing_request_id) 
       references staffing_requests
2026-05-19T16:09:12.759+05:30 DEBUG 21804 --- [candidate-onboarding] [           main] org.hibernate.SQL                        : 
    alter table if exists skills 
       add constraint FKbg4atlinglmgeysrqern5rs9k 
       foreign key (candidate_id) 
       references candidates
2026-05-19T16:09:12.765+05:30  INFO 21804 --- [candidate-onboarding] [           main] j.LocalContainerEntityManagerFactoryBean : Initialized JPA EntityManagerFactory for persistence unit 'default'
2026-05-19T16:09:15.109+05:30 DEBUG 21804 --- [candidate-onboarding] [           main] s.w.s.m.m.a.RequestMappingHandlerMapping : 26 mappings in 'requestMappingHandlerMapping'
2026-05-19T16:09:15.498+05:30 DEBUG 21804 --- [candidate-onboarding] [           main] o.s.w.s.handler.SimpleUrlHandlerMapping  : Patterns [/webjars/**, /**, /swagger-ui*/*swagger-initializer.js, /swagger-ui*/**] in 'resourceHandlerMapping'
2026-05-19T16:09:15.627+05:30 DEBUG 21804 --- [candidate-onboarding] [           main] s.w.s.m.m.a.RequestMappingHandlerAdapter : ControllerAdvice beans: 0 @ModelAttribute, 0 @InitBinder, 1 RequestBodyAdvice, 1 ResponseBodyAdvice
2026-05-19T16:09:15.746+05:30 DEBUG 21804 --- [candidate-onboarding] [           main] .m.m.a.ExceptionHandlerExceptionResolver : ControllerAdvice beans: 2 @ExceptionHandler, 1 ResponseBodyAdvice
2026-05-19T16:09:16.900+05:30  INFO 21804 --- [candidate-onboarding] [           main] o.s.b.a.h2.H2ConsoleAutoConfiguration    : H2 console available at '/h2-console'. Database available at 'jdbc:h2:mem:candidateonboarding'
2026-05-19T16:09:17.019+05:30 DEBUG 21804 --- [candidate-onboarding] [           main] o.s.b.w.s.ServletContextInitializerBeans : Mapping filters: webMvcObservationFilter urls=[/*] order=-2147483647, characterEncodingFilter urls=[/*] order=-2147483648, formContentFilter urls=[/*] order=-9900, requestContextFilter urls=[/*] order=-105
2026-05-19T16:09:17.019+05:30 DEBUG 21804 --- [candidate-onboarding] [           main] o.s.b.w.s.ServletContextInitializerBeans : Mapping servlets: 
2026-05-19T16:09:17.048+05:30 DEBUG 21804 --- [candidate-onboarding] [           main] s.b.w.s.f.OrderedCharacterEncodingFilter : Filter 'characterEncodingFilter' configured for use
2026-05-19T16:09:17.049+05:30 DEBUG 21804 --- [candidate-onboarding] [           main] o.s.w.f.ServerHttpObservationFilter      : Filter 'webMvcObservationFilter' configured for use
2026-05-19T16:09:17.049+05:30 DEBUG 21804 --- [candidate-onboarding] [           main] o.s.b.w.s.f.OrderedFormContentFilter     : Filter 'formContentFilter' configured for use
2026-05-19T16:09:17.050+05:30 DEBUG 21804 --- [candidate-onboarding] [           main] o.s.b.w.s.f.OrderedRequestContextFilter  : Filter 'requestContextFilter' configured for use
2026-05-19T16:09:17.052+05:30  INFO 21804 --- [candidate-onboarding] [           main] o.s.b.t.m.w.SpringBootMockServletContext : Initializing Spring TestDispatcherServlet ''
2026-05-19T16:09:17.052+05:30  INFO 21804 --- [candidate-onboarding] [           main] o.s.t.web.servlet.TestDispatcherServlet  : Initializing Servlet ''
2026-05-19T16:09:17.073+05:30  INFO 21804 --- [candidate-onboarding] [           main] o.s.b.a.e.web.EndpointLinksResolver      : Exposing 3 endpoints beneath base path '/actuator'
2026-05-19T16:09:17.114+05:30  INFO 21804 --- [candidate-onboarding] [           main] o.s.t.web.servlet.TestDispatcherServlet  : Completed initialization in 59 ms
2026-05-19T16:09:17.299+05:30 DEBUG 21804 --- [candidate-onboarding] [           main] .s.b.a.l.ConditionEvaluationReportLogger : 


============================
CONDITIONS EVALUATION REPORT
============================


Positive matches:
-----------------

   AopAutoConfiguration matched:
      - @ConditionalOnProperty (spring.aop.auto=true) matched (OnPropertyCondition)

   AopAutoConfiguration.AspectJAutoProxyingConfiguration matched:
      - @ConditionalOnClass found required class 'org.aspectj.weaver.Advice' (OnClassCondition)

   AopAutoConfiguration.AspectJAutoProxyingConfiguration.CglibAutoProxyConfiguration matched:
      - @ConditionalOnProperty (spring.aop.proxy-target-class=true) matched (OnPropertyCondition)

   ApplicationAvailabilityAutoConfiguration#applicationAvailability matched:
      - @ConditionalOnMissingBean (types: org.springframework.boot.availability.ApplicationAvailability; SearchStrategy: all) did not find any beans (OnBeanCondition)

   CacheMeterBinderProvidersConfiguration matched:
      - @ConditionalOnClass found required class 'io.micrometer.core.instrument.binder.MeterBinder' (OnClassCondition)

   CompositeMeterRegistryAutoConfiguration matched:
      - @ConditionalOnClass found required class 'io.micrometer.core.instrument.composite.CompositeMeterRegistry' (OnClassCondition)

   DataSourceAutoConfiguration matched:
      - @ConditionalOnClass found required classes 'javax.sql.DataSource', 'org.springframework.jdbc.datasource.embedded.EmbeddedDatabaseType' (OnClassCondition)
      - @ConditionalOnMissingBean (types: io.r2dbc.spi.ConnectionFactory; SearchStrategy: all) did not find any beans (OnBeanCondition)

   DataSourceAutoConfiguration.PooledDataSourceConfiguration matched:
      - AnyNestedCondition 1 matched 1 did not; NestedCondition on DataSourceAutoConfiguration.PooledDataSourceCondition.PooledDataSourceAvailable PooledDataSource found supported DataSource; NestedCondition on DataSourceAutoConfiguration.PooledDataSourceCondition.ExplicitType @ConditionalOnProperty (spring.datasource.type) did not find property 'type' (DataSourceAutoConfiguration.PooledDataSourceCondition)
      - @ConditionalOnMissingBean (types: javax.sql.DataSource,javax.sql.XADataSource; SearchStrategy: all) did not find any beans (OnBeanCondition)

   DataSourceAutoConfiguration.PooledDataSourceConfiguration#jdbcConnectionDetails matched:
      - @ConditionalOnMissingBean (types: org.springframework.boot.autoconfigure.jdbc.JdbcConnectionDetails; SearchStrategy: all) did not find any beans (OnBeanCondition)

   DataSourceConfiguration.Hikari matched:
      - @ConditionalOnClass found required class 'com.zaxxer.hikari.HikariDataSource' (OnClassCondition)
      - @ConditionalOnProperty (spring.datasource.type=com.zaxxer.hikari.HikariDataSource) matched (OnPropertyCondition)
      - @ConditionalOnMissingBean (types: javax.sql.DataSource; SearchStrategy: all) did not find any beans (OnBeanCondition)

   DataSourceHealthContributorAutoConfiguration matched:
      - @ConditionalOnClass found required classes 'org.springframework.jdbc.core.JdbcTemplate', 'org.springframework.jdbc.datasource.lookup.AbstractRoutingDataSource' (OnClassCondition)
      - @ConditionalOnEnabledHealthIndicator management.health.defaults.enabled is considered true (OnEnabledHealthIndicatorCondition)
      - @ConditionalOnBean (types: javax.sql.DataSource; SearchStrategy: all) found bean 'dataSource' (OnBeanCondition)

   DataSourceHealthContributorAutoConfiguration#dbHealthContributor matched:
      - @ConditionalOnMissingBean (names: dbHealthIndicator,dbHealthContributor; SearchStrategy: all) did not find any beans (OnBeanCondition)

   DataSourceInitializationConfiguration matched:
      - @ConditionalOnClass found required class 'org.springframework.jdbc.datasource.init.DatabasePopulator' (OnClassCondition)
      - @ConditionalOnSingleCandidate (types: javax.sql.DataSource; SearchStrategy: all) found a single bean 'dataSource'; @ConditionalOnMissingBean (types: org.springframework.boot.autoconfigure.sql.init.SqlDataSourceScriptDatabaseInitializer,org.springframework.boot.autoconfigure.sql.init.SqlR2dbcScriptDatabaseInitializer; SearchStrategy: all) did not find any beans (OnBeanCondition)

   DataSourcePoolMetadataProvidersConfiguration.HikariPoolDataSourceMetadataProviderConfiguration matched:
      - @ConditionalOnClass found required class 'com.zaxxer.hikari.HikariDataSource' (OnClassCondition)

   DataSourcePoolMetricsAutoConfiguration matched:
      - @ConditionalOnClass found required classes 'javax.sql.DataSource', 'io.micrometer.core.instrument.MeterRegistry' (OnClassCondition)
      - @ConditionalOnBean (types: javax.sql.DataSource,io.micrometer.core.instrument.MeterRegistry; SearchStrategy: all) found beans 'simpleMeterRegistry', 'dataSource' (OnBeanCondition)

   DataSourcePoolMetricsAutoConfiguration.DataSourcePoolMetadataMetricsConfiguration matched:
      - @ConditionalOnBean (types: org.springframework.boot.jdbc.metadata.DataSourcePoolMetadataProvider; SearchStrategy: all) found bean 'hikariPoolDataSourceMetadataProvider' (OnBeanCondition)

   DataSourcePoolMetricsAutoConfiguration.HikariDataSourceMetricsConfiguration matched:
      - @ConditionalOnClass found required class 'com.zaxxer.hikari.HikariDataSource' (OnClassCondition)

   DataSourceTransactionManagerAutoConfiguration matched:
      - @ConditionalOnClass found required classes 'javax.sql.DataSource', 'org.springframework.jdbc.core.JdbcTemplate', 'org.springframework.transaction.TransactionManager' (OnClassCondition)

   DataSourceTransactionManagerAutoConfiguration.JdbcTransactionManagerConfiguration matched:
      - @ConditionalOnSingleCandidate (types: javax.sql.DataSource; SearchStrategy: all) found a single bean 'dataSource' (OnBeanCondition)

   DiskSpaceHealthContributorAutoConfiguration matched:
      - @ConditionalOnEnabledHealthIndicator management.health.defaults.enabled is considered true (OnEnabledHealthIndicatorCondition)

   DiskSpaceHealthContributorAutoConfiguration#diskSpaceHealthIndicator matched:
      - @ConditionalOnMissingBean (names: diskSpaceHealthIndicator; SearchStrategy: all) did not find any beans (OnBeanCondition)

   DispatcherServletAutoConfiguration matched:
      - @ConditionalOnClass found required class 'org.springframework.web.servlet.DispatcherServlet' (OnClassCondition)
      - found 'session' scope (OnWebApplicationCondition)

   DispatcherServletAutoConfiguration.DispatcherServletConfiguration matched:
      - @ConditionalOnClass found required class 'jakarta.servlet.ServletRegistration' (OnClassCondition)
      - Default DispatcherServlet did not find dispatcher servlet beans (DispatcherServletAutoConfiguration.DefaultDispatcherServletCondition)

   DispatcherServletAutoConfiguration.DispatcherServletRegistrationConfiguration matched:
      - @ConditionalOnClass found required class 'jakarta.servlet.ServletRegistration' (OnClassCondition)
      - DispatcherServlet Registration did not find servlet registration bean (DispatcherServletAutoConfiguration.DispatcherServletRegistrationCondition)

   DispatcherServletAutoConfiguration.DispatcherServletRegistrationConfiguration#dispatcherServletRegistration matched:
      - @ConditionalOnBean (names: dispatcherServlet types: org.springframework.web.servlet.DispatcherServlet; SearchStrategy: all) found bean 'dispatcherServlet' (OnBeanCondition)

   EndpointAutoConfiguration#endpointCachingOperationInvokerAdvisor matched:
      - @ConditionalOnMissingBean (types: org.springframework.boot.actuate.endpoint.invoker.cache.CachingOperationInvokerAdvisor; SearchStrategy: all) did not find any beans (OnBeanCondition)

   EndpointAutoConfiguration#endpointOperationParameterMapper matched:
      - @ConditionalOnMissingBean (types: org.springframework.boot.actuate.endpoint.invoke.ParameterValueMapper; SearchStrategy: all) did not find any beans (OnBeanCondition)

   ErrorMvcAutoConfiguration matched:
      - @ConditionalOnClass found required classes 'jakarta.servlet.Servlet', 'org.springframework.web.servlet.DispatcherServlet' (OnClassCondition)
      - found 'session' scope (OnWebApplicationCondition)

   ErrorMvcAutoConfiguration#basicErrorController matched:
      - @ConditionalOnMissingBean (types: org.springframework.boot.web.servlet.error.ErrorController; SearchStrategy: current) did not find any beans (OnBeanCondition)

   ErrorMvcAutoConfiguration#errorAttributes matched:
      - @ConditionalOnMissingBean (types: org.springframework.boot.web.servlet.error.ErrorAttributes; SearchStrategy: current) did not find any beans (OnBeanCondition)

   ErrorMvcAutoConfiguration.DefaultErrorViewResolverConfiguration#conventionErrorViewResolver matched:
      - @ConditionalOnBean (types: org.springframework.web.servlet.DispatcherServlet; SearchStrategy: all) found bean 'dispatcherServlet'; @ConditionalOnMissingBean (types: org.springframework.boot.autoconfigure.web.servlet.error.ErrorViewResolver; SearchStrategy: all) did not find any beans (OnBeanCondition)

   ErrorMvcAutoConfiguration.WhitelabelErrorViewConfiguration matched:
      - @ConditionalOnProperty (server.error.whitelabel.enabled) matched (OnPropertyCondition)
      - ErrorTemplate Missing did not find error template view (ErrorMvcAutoConfiguration.ErrorTemplateMissingCondition)

   ErrorMvcAutoConfiguration.WhitelabelErrorViewConfiguration#beanNameViewResolver matched:
      - @ConditionalOnMissingBean (types: org.springframework.web.servlet.view.BeanNameViewResolver; SearchStrategy: all) did not find any beans (OnBeanCondition)

   ErrorMvcAutoConfiguration.WhitelabelErrorViewConfiguration#defaultErrorView matched:
      - @ConditionalOnMissingBean (names: error; SearchStrategy: all) did not find any beans (OnBeanCondition)

   GenericCacheConfiguration matched:
      - Cache org.springframework.boot.autoconfigure.cache.GenericCacheConfiguration automatic cache type (CacheCondition)

   H2ConsoleAutoConfiguration matched:
      - @ConditionalOnClass found required class 'org.h2.server.web.JakartaWebServlet' (OnClassCondition)
      - found 'session' scope (OnWebApplicationCondition)
      - @ConditionalOnProperty (spring.h2.console.enabled=true) matched (OnPropertyCondition)

   HealthContributorAutoConfiguration#pingHealthContributor matched:
      - @ConditionalOnEnabledHealthIndicator management.health.defaults.enabled is considered true (OnEnabledHealthIndicatorCondition)

   HealthEndpointAutoConfiguration matched:
      - @ConditionalOnAvailableEndpoint marked as exposed by a 'management.endpoints.web.exposure' property (OnAvailableEndpointCondition)

   HealthEndpointConfiguration#healthContributorRegistry matched:
      - @ConditionalOnMissingBean (types: org.springframework.boot.actuate.health.HealthContributorRegistry; SearchStrategy: all) did not find any beans (OnBeanCondition)

   HealthEndpointConfiguration#healthEndpoint matched:
      - @ConditionalOnMissingBean (types: org.springframework.boot.actuate.health.HealthEndpoint; SearchStrategy: all) did not find any beans (OnBeanCondition)

   HealthEndpointConfiguration#healthEndpointGroupMembershipValidator matched:
      - @ConditionalOnProperty (management.endpoint.health.validate-group-membership=true) matched (OnPropertyCondition)

   HealthEndpointConfiguration#healthEndpointGroups matched:
      - @ConditionalOnMissingBean (types: org.springframework.boot.actuate.health.HealthEndpointGroups; SearchStrategy: all) did not find any beans (OnBeanCondition)

   HealthEndpointConfiguration#healthHttpCodeStatusMapper matched:
      - @ConditionalOnMissingBean (types: org.springframework.boot.actuate.health.HttpCodeStatusMapper; SearchStrategy: all) did not find any beans (OnBeanCondition)

   HealthEndpointConfiguration#healthStatusAggregator matched:
      - @ConditionalOnMissingBean (types: org.springframework.boot.actuate.health.StatusAggregator; SearchStrategy: all) did not find any beans (OnBeanCondition)

   HealthEndpointWebExtensionConfiguration matched:
      - found 'session' scope (OnWebApplicationCondition)
      - @ConditionalOnAvailableEndpoint marked as exposed by a 'management.endpoints.web.exposure' property (OnAvailableEndpointCondition)
      - @ConditionalOnBean (types: org.springframework.boot.actuate.health.HealthEndpoint; SearchStrategy: all) found bean 'healthEndpoint' (OnBeanCondition)

   HealthEndpointWebExtensionConfiguration#healthEndpointWebExtension matched:
      - @ConditionalOnMissingBean (types: org.springframework.boot.actuate.health.HealthEndpointWebExtension; SearchStrategy: all) did not find any beans (OnBeanCondition)

   HealthEndpointWebExtensionConfiguration.MvcAdditionalHealthEndpointPathsConfiguration matched:
      - @ConditionalOnAvailableEndpoint marked as exposed by a 'management.endpoints.web.exposure' property (OnAvailableEndpointCondition)
      - @ConditionalOnBean (types: org.springframework.web.servlet.DispatcherServlet; SearchStrategy: all) found bean 'dispatcherServlet' (OnBeanCondition)

   HibernateJpaAutoConfiguration matched:
      - @ConditionalOnClass found required classes 'org.springframework.orm.jpa.LocalContainerEntityManagerFactoryBean', 'jakarta.persistence.EntityManager', 'org.hibernate.engine.spi.SessionImplementor' (OnClassCondition)

   HibernateJpaConfiguration matched:
      - @ConditionalOnSingleCandidate (types: javax.sql.DataSource; SearchStrategy: all) found a single bean 'dataSource' (OnBeanCondition)

   HttpClientObservationsAutoConfiguration matched:
      - @ConditionalOnClass found required class 'io.micrometer.observation.Observation' (OnClassCondition)
      - @ConditionalOnBean (types: io.micrometer.observation.ObservationRegistry; SearchStrategy: all) found bean 'observationRegistry' (OnBeanCondition)

   HttpClientObservationsAutoConfiguration.MeterFilterConfiguration matched:
      - @ConditionalOnClass found required class 'io.micrometer.core.instrument.MeterRegistry' (OnClassCondition)
      - @ConditionalOnBean (types: io.micrometer.core.instrument.MeterRegistry; SearchStrategy: all) found bean 'simpleMeterRegistry' (OnBeanCondition)

   HttpEncodingAutoConfiguration matched:
      - @ConditionalOnClass found required class 'org.springframework.web.filter.CharacterEncodingFilter' (OnClassCondition)
      - found 'session' scope (OnWebApplicationCondition)
      - @ConditionalOnProperty (server.servlet.encoding.enabled) matched (OnPropertyCondition)

   HttpEncodingAutoConfiguration#characterEncodingFilter matched:
      - @ConditionalOnMissingBean (types: org.springframework.web.filter.CharacterEncodingFilter; SearchStrategy: all) did not find any beans (OnBeanCondition)

   HttpMessageConvertersAutoConfiguration matched:
      - @ConditionalOnClass found required class 'org.springframework.http.converter.HttpMessageConverter' (OnClassCondition)
      - NoneNestedConditions 0 matched 1 did not; NestedCondition on HttpMessageConvertersAutoConfiguration.NotReactiveWebApplicationCondition.ReactiveWebApplication did not find reactive web application classes (HttpMessageConvertersAutoConfiguration.NotReactiveWebApplicationCondition)

   HttpMessageConvertersAutoConfiguration#messageConverters matched:
      - @ConditionalOnMissingBean (types: org.springframework.boot.autoconfigure.http.HttpMessageConverters; SearchStrategy: all) did not find any beans (OnBeanCondition)

   HttpMessageConvertersAutoConfiguration.StringHttpMessageConverterConfiguration matched:
      - @ConditionalOnClass found required class 'org.springframework.http.converter.StringHttpMessageConverter' (OnClassCondition)

   HttpMessageConvertersAutoConfiguration.StringHttpMessageConverterConfiguration#stringHttpMessageConverter matched:
      - @ConditionalOnMissingBean (types: org.springframework.http.converter.StringHttpMessageConverter; SearchStrategy: all) did not find any beans (OnBeanCondition)

   InfoEndpointAutoConfiguration matched:
      - @ConditionalOnAvailableEndpoint marked as exposed by a 'management.endpoints.web.exposure' property (OnAvailableEndpointCondition)

   InfoEndpointAutoConfiguration#infoEndpoint matched:
      - @ConditionalOnMissingBean (types: org.springframework.boot.actuate.info.InfoEndpoint; SearchStrategy: all) did not find any beans (OnBeanCondition)

   JacksonAutoConfiguration matched:
      - @ConditionalOnClass found required class 'com.fasterxml.jackson.databind.ObjectMapper' (OnClassCondition)

   JacksonAutoConfiguration.Jackson2ObjectMapperBuilderCustomizerConfiguration matched:
      - @ConditionalOnClass found required class 'org.springframework.http.converter.json.Jackson2ObjectMapperBuilder' (OnClassCondition)

   JacksonAutoConfiguration.JacksonObjectMapperBuilderConfiguration matched:
      - @ConditionalOnClass found required class 'org.springframework.http.converter.json.Jackson2ObjectMapperBuilder' (OnClassCondition)

   JacksonAutoConfiguration.JacksonObjectMapperBuilderConfiguration#jacksonObjectMapperBuilder matched:
      - @ConditionalOnMissingBean (types: org.springframework.http.converter.json.Jackson2ObjectMapperBuilder; SearchStrategy: all) did not find any beans (OnBeanCondition)

   JacksonAutoConfiguration.JacksonObjectMapperConfiguration matched:
      - @ConditionalOnClass found required class 'org.springframework.http.converter.json.Jackson2ObjectMapperBuilder' (OnClassCondition)

   JacksonAutoConfiguration.JacksonObjectMapperConfiguration#jacksonObjectMapper matched:
      - @ConditionalOnMissingBean (types: com.fasterxml.jackson.databind.ObjectMapper; SearchStrategy: all) did not find any beans (OnBeanCondition)

   JacksonAutoConfiguration.ParameterNamesModuleConfiguration matched:
      - @ConditionalOnClass found required class 'com.fasterxml.jackson.module.paramnames.ParameterNamesModule' (OnClassCondition)

   JacksonAutoConfiguration.ParameterNamesModuleConfiguration#parameterNamesModule matched:
      - @ConditionalOnMissingBean (types: com.fasterxml.jackson.module.paramnames.ParameterNamesModule; SearchStrategy: all) did not find any beans (OnBeanCondition)

   JacksonEndpointAutoConfiguration#endpointObjectMapper matched:
      - @ConditionalOnClass found required classes 'com.fasterxml.jackson.databind.ObjectMapper', 'org.springframework.http.converter.json.Jackson2ObjectMapperBuilder' (OnClassCondition)
      - @ConditionalOnProperty (management.endpoints.jackson.isolated-object-mapper) matched (OnPropertyCondition)

   JacksonHttpMessageConvertersConfiguration.MappingJackson2HttpMessageConverterConfiguration matched:
      - @ConditionalOnClass found required class 'com.fasterxml.jackson.databind.ObjectMapper' (OnClassCondition)
      - @ConditionalOnProperty (spring.mvc.converters.preferred-json-mapper=jackson) matched (OnPropertyCondition)
      - @ConditionalOnBean (types: com.fasterxml.jackson.databind.ObjectMapper; SearchStrategy: all) found bean 'jacksonObjectMapper' (OnBeanCondition)

   JacksonHttpMessageConvertersConfiguration.MappingJackson2HttpMessageConverterConfiguration#mappingJackson2HttpMessageConverter matched:
      - @ConditionalOnMissingBean (types: org.springframework.http.converter.json.MappingJackson2HttpMessageConverter ignored: org.springframework.hateoas.server.mvc.TypeConstrainedMappingJackson2HttpMessageConverter,org.springframework.data.rest.webmvc.alps.AlpsJsonHttpMessageConverter; SearchStrategy: all) did not find any beans (OnBeanCondition)

   JdbcClientAutoConfiguration matched:
      - @ConditionalOnSingleCandidate (types: org.springframework.jdbc.core.namedparam.NamedParameterJdbcTemplate; SearchStrategy: all) found a single bean 'namedParameterJdbcTemplate'; @ConditionalOnMissingBean (types: org.springframework.jdbc.core.simple.JdbcClient; SearchStrategy: all) did not find any beans (OnBeanCondition)

   JdbcTemplateAutoConfiguration matched:
      - @ConditionalOnClass found required classes 'javax.sql.DataSource', 'org.springframework.jdbc.core.JdbcTemplate' (OnClassCondition)
      - @ConditionalOnSingleCandidate (types: javax.sql.DataSource; SearchStrategy: all) found a single bean 'dataSource' (OnBeanCondition)

   JdbcTemplateConfiguration matched:
      - @ConditionalOnMissingBean (types: org.springframework.jdbc.core.JdbcOperations; SearchStrategy: all) did not find any beans (OnBeanCondition)

   JpaBaseConfiguration#entityManagerFactory matched:
      - @ConditionalOnMissingBean (types: org.springframework.orm.jpa.LocalContainerEntityManagerFactoryBean,jakarta.persistence.EntityManagerFactory; SearchStrategy: all) did not find any beans (OnBeanCondition)

   JpaBaseConfiguration#entityManagerFactoryBuilder matched:
      - @ConditionalOnMissingBean (types: org.springframework.boot.orm.jpa.EntityManagerFactoryBuilder; SearchStrategy: all) did not find any beans (OnBeanCondition)

   JpaBaseConfiguration#jpaVendorAdapter matched:
      - @ConditionalOnMissingBean (types: org.springframework.orm.jpa.JpaVendorAdapter; SearchStrategy: all) did not find any beans (OnBeanCondition)

   JpaBaseConfiguration#transactionManager matched:
      - @ConditionalOnMissingBean (types: org.springframework.transaction.TransactionManager; SearchStrategy: all) did not find any beans (OnBeanCondition)

   JpaBaseConfiguration.PersistenceManagedTypesConfiguration matched:
      - @ConditionalOnMissingBean (types: org.springframework.orm.jpa.LocalContainerEntityManagerFactoryBean,jakarta.persistence.EntityManagerFactory; SearchStrategy: all) did not find any beans (OnBeanCondition)

   JpaBaseConfiguration.PersistenceManagedTypesConfiguration#persistenceManagedTypes matched:
      - @ConditionalOnMissingBean (types: org.springframework.orm.jpa.persistenceunit.PersistenceManagedTypes; SearchStrategy: all) did not find any beans (OnBeanCondition)

   JpaRepositoriesAutoConfiguration matched:
      - @ConditionalOnClass found required class 'org.springframework.data.jpa.repository.JpaRepository' (OnClassCondition)
      - @ConditionalOnProperty (spring.data.jpa.repositories.enabled=true) matched (OnPropertyCondition)
      - @ConditionalOnBean (types: javax.sql.DataSource; SearchStrategy: all) found bean 'dataSource'; @ConditionalOnMissingBean (types: org.springframework.data.jpa.repository.support.JpaRepositoryFactoryBean,org.springframework.data.jpa.repository.config.JpaRepositoryConfigExtension; SearchStrategy: all) did not find any beans (OnBeanCondition)

   JtaAutoConfiguration matched:
      - @ConditionalOnClass found required class 'jakarta.transaction.Transaction' (OnClassCondition)
      - @ConditionalOnProperty (spring.jta.enabled) matched (OnPropertyCondition)

   JvmMetricsAutoConfiguration matched:
      - @ConditionalOnClass found required class 'io.micrometer.core.instrument.MeterRegistry' (OnClassCondition)
      - @ConditionalOnBean (types: io.micrometer.core.instrument.MeterRegistry; SearchStrategy: all) found bean 'simpleMeterRegistry' (OnBeanCondition)

   JvmMetricsAutoConfiguration#classLoaderMetrics matched:
      - @ConditionalOnMissingBean (types: io.micrometer.core.instrument.binder.jvm.ClassLoaderMetrics; SearchStrategy: all) did not find any beans (OnBeanCondition)

   JvmMetricsAutoConfiguration#jvmCompilationMetrics matched:
      - @ConditionalOnMissingBean (types: io.micrometer.core.instrument.binder.jvm.JvmCompilationMetrics; SearchStrategy: all) did not find any beans (OnBeanCondition)

   JvmMetricsAutoConfiguration#jvmGcMetrics matched:
      - @ConditionalOnMissingBean (types: io.micrometer.core.instrument.binder.jvm.JvmGcMetrics; SearchStrategy: all) did not find any beans (OnBeanCondition)

   JvmMetricsAutoConfiguration#jvmHeapPressureMetrics matched:
      - @ConditionalOnMissingBean (types: io.micrometer.core.instrument.binder.jvm.JvmHeapPressureMetrics; SearchStrategy: all) did not find any beans (OnBeanCondition)

   JvmMetricsAutoConfiguration#jvmInfoMetrics matched:
      - @ConditionalOnMissingBean (types: io.micrometer.core.instrument.binder.jvm.JvmInfoMetrics; SearchStrategy: all) did not find any beans (OnBeanCondition)

   JvmMetricsAutoConfiguration#jvmMemoryMetrics matched:
      - @ConditionalOnMissingBean (types: io.micrometer.core.instrument.binder.jvm.JvmMemoryMetrics; SearchStrategy: all) did not find any beans (OnBeanCondition)

   JvmMetricsAutoConfiguration#jvmThreadMetrics matched:
      - @ConditionalOnMissingBean (types: io.micrometer.core.instrument.binder.jvm.JvmThreadMetrics; SearchStrategy: all) did not find any beans (OnBeanCondition)

   LifecycleAutoConfiguration#defaultLifecycleProcessor matched:
      - @ConditionalOnMissingBean (names: lifecycleProcessor; SearchStrategy: current) did not find any beans (OnBeanCondition)

   LogbackMetricsAutoConfiguration matched:
      - @ConditionalOnClass found required classes 'io.micrometer.core.instrument.MeterRegistry', 'ch.qos.logback.classic.LoggerContext', 'org.slf4j.LoggerFactory' (OnClassCondition)
      - LogbackLoggingCondition ILoggerFactory is a Logback LoggerContext (LogbackMetricsAutoConfiguration.LogbackLoggingCondition)
      - @ConditionalOnBean (types: io.micrometer.core.instrument.MeterRegistry; SearchStrategy: all) found bean 'simpleMeterRegistry' (OnBeanCondition)

   LogbackMetricsAutoConfiguration#logbackMetrics matched:
      - @ConditionalOnMissingBean (types: io.micrometer.core.instrument.binder.logging.LogbackMetrics; SearchStrategy: all) did not find any beans (OnBeanCondition)

   ManagementContextAutoConfiguration.SameManagementContextConfiguration matched:
      - Management Port actual port type (SAME) matched required type (OnManagementPortCondition)

   MetricsAutoConfiguration matched:
      - @ConditionalOnClass found required class 'io.micrometer.core.annotation.Timed' (OnClassCondition)

   MetricsAutoConfiguration#micrometerClock matched:
      - @ConditionalOnMissingBean (types: io.micrometer.core.instrument.Clock; SearchStrategy: all) did not find any beans (OnBeanCondition)

   MetricsEndpointAutoConfiguration matched:
      - @ConditionalOnClass found required class 'io.micrometer.core.annotation.Timed' (OnClassCondition)
      - @ConditionalOnAvailableEndpoint marked as exposed by a 'management.endpoints.web.exposure' property (OnAvailableEndpointCondition)

   MetricsEndpointAutoConfiguration#metricsEndpoint matched:
      - @ConditionalOnBean (types: io.micrometer.core.instrument.MeterRegistry; SearchStrategy: all) found bean 'simpleMeterRegistry'; @ConditionalOnMissingBean (types: org.springframework.boot.actuate.metrics.MetricsEndpoint; SearchStrategy: all) did not find any beans (OnBeanCondition)

   MockMvcAutoConfiguration matched:
      - found 'session' scope (OnWebApplicationCondition)

   MockMvcAutoConfiguration#mockMvc matched:
      - @ConditionalOnMissingBean (types: org.springframework.test.web.servlet.MockMvc; SearchStrategy: all) did not find any beans (OnBeanCondition)

   MockMvcAutoConfiguration#mockMvcBuilder matched:
      - @ConditionalOnMissingBean (types: org.springframework.test.web.servlet.MockMvcBuilder; SearchStrategy: all) did not find any beans (OnBeanCondition)

   MultipartAutoConfiguration matched:
      - @ConditionalOnClass found required classes 'jakarta.servlet.Servlet', 'org.springframework.web.multipart.support.StandardServletMultipartResolver', 'jakarta.servlet.MultipartConfigElement' (OnClassCondition)
      - found 'session' scope (OnWebApplicationCondition)
      - @ConditionalOnProperty (spring.servlet.multipart.enabled) matched (OnPropertyCondition)

   MultipartAutoConfiguration#multipartConfigElement matched:
      - @ConditionalOnMissingBean (types: jakarta.servlet.MultipartConfigElement; SearchStrategy: all) did not find any beans (OnBeanCondition)

   MultipartAutoConfiguration#multipartResolver matched:
      - @ConditionalOnMissingBean (types: org.springframework.web.multipart.MultipartResolver; SearchStrategy: all) did not find any beans (OnBeanCondition)

   NamedParameterJdbcTemplateConfiguration matched:
      - @ConditionalOnSingleCandidate (types: org.springframework.jdbc.core.JdbcTemplate; SearchStrategy: all) found a single bean 'jdbcTemplate'; @ConditionalOnMissingBean (types: org.springframework.jdbc.core.namedparam.NamedParameterJdbcOperations; SearchStrategy: all) did not find any beans (OnBeanCondition)

   NoOpCacheConfiguration matched:
      - Cache org.springframework.boot.autoconfigure.cache.NoOpCacheConfiguration automatic cache type (CacheCondition)

   ObservationAutoConfiguration matched:
      - @ConditionalOnClass found required class 'io.micrometer.observation.ObservationRegistry' (OnClassCondition)

   ObservationAutoConfiguration#observationRegistry matched:
      - @ConditionalOnMissingBean (types: io.micrometer.observation.ObservationRegistry; SearchStrategy: all) did not find any beans (OnBeanCondition)

   ObservationAutoConfiguration.MeterObservationHandlerConfiguration matched:
      - @ConditionalOnBean (types: io.micrometer.core.instrument.MeterRegistry; SearchStrategy: all) found bean 'simpleMeterRegistry'; @ConditionalOnMissingBean (types: io.micrometer.core.instrument.observation.MeterObservationHandler; SearchStrategy: all) did not find any beans (OnBeanCondition)

   ObservationAutoConfiguration.MeterObservationHandlerConfiguration.OnlyMetricsMeterObservationHandlerConfiguration matched:
      - @ConditionalOnMissingBean (types: io.micrometer.tracing.Tracer; SearchStrategy: all) did not find any beans (OnBeanCondition)

   ObservationAutoConfiguration.ObservedAspectConfiguration matched:
      - @ConditionalOnClass found required class 'org.aspectj.weaver.Advice' (OnClassCondition)

   ObservationAutoConfiguration.ObservedAspectConfiguration#observedAspect matched:
      - @ConditionalOnMissingBean (types: io.micrometer.observation.aop.ObservedAspect; SearchStrategy: all) did not find any beans (OnBeanCondition)

   ObservationAutoConfiguration.OnlyMetricsConfiguration matched:
      - @ConditionalOnClass found required class 'io.micrometer.core.instrument.MeterRegistry'; @ConditionalOnMissingClass did not find unwanted class 'io.micrometer.tracing.Tracer' (OnClassCondition)

   PersistenceExceptionTranslationAutoConfiguration matched:
      - @ConditionalOnClass found required class 'org.springframework.dao.annotation.PersistenceExceptionTranslationPostProcessor' (OnClassCondition)

   PersistenceExceptionTranslationAutoConfiguration#persistenceExceptionTranslationPostProcessor matched:
      - @ConditionalOnProperty (spring.dao.exceptiontranslation.enabled) matched (OnPropertyCondition)
      - @ConditionalOnMissingBean (types: org.springframework.dao.annotation.PersistenceExceptionTranslationPostProcessor; SearchStrategy: all) did not find any beans (OnBeanCondition)

   PropertyPlaceholderAutoConfiguration#propertySourcesPlaceholderConfigurer matched:
      - @ConditionalOnMissingBean (types: org.springframework.context.support.PropertySourcesPlaceholderConfigurer; SearchStrategy: current) did not find any beans (OnBeanCondition)

   RepositoryMetricsAutoConfiguration matched:
      - @ConditionalOnClass found required class 'org.springframework.data.repository.Repository' (OnClassCondition)
      - @ConditionalOnBean (types: io.micrometer.core.instrument.MeterRegistry; SearchStrategy: all) found bean 'simpleMeterRegistry' (OnBeanCondition)

   RepositoryMetricsAutoConfiguration#metricsRepositoryMethodInvocationListener matched:
      - @ConditionalOnMissingBean (types: org.springframework.boot.actuate.metrics.data.MetricsRepositoryMethodInvocationListener; SearchStrategy: all) did not find any beans (OnBeanCondition)

   RepositoryMetricsAutoConfiguration#repositoryTagsProvider matched:
      - @ConditionalOnMissingBean (types: org.springframework.boot.actuate.metrics.data.RepositoryTagsProvider; SearchStrategy: all) did not find any beans (OnBeanCondition)

   RestClientAutoConfiguration matched:
      - @ConditionalOnClass found required class 'org.springframework.web.client.RestClient' (OnClassCondition)
      - NoneNestedConditions 0 matched 1 did not; NestedCondition on NotReactiveWebApplicationCondition.ReactiveWebApplication did not find reactive web application classes (NotReactiveWebApplicationCondition)

   RestClientAutoConfiguration#httpMessageConvertersRestClientCustomizer matched:
      - @ConditionalOnMissingBean (types: org.springframework.boot.autoconfigure.web.client.HttpMessageConvertersRestClientCustomizer; SearchStrategy: all) did not find any beans (OnBeanCondition)

   RestClientAutoConfiguration#restClientBuilder matched:
      - @ConditionalOnMissingBean (types: org.springframework.web.client.RestClient$Builder; SearchStrategy: all) did not find any beans (OnBeanCondition)

   RestClientAutoConfiguration#restClientBuilderConfigurer matched:
      - @ConditionalOnMissingBean (types: org.springframework.boot.autoconfigure.web.client.RestClientBuilderConfigurer; SearchStrategy: all) did not find any beans (OnBeanCondition)

   RestClientAutoConfiguration#restClientSsl matched:
      - @ConditionalOnBean (types: org.springframework.boot.ssl.SslBundles; SearchStrategy: all) found bean 'sslBundleRegistry'; @ConditionalOnMissingBean (types: org.springframework.boot.autoconfigure.web.client.RestClientSsl; SearchStrategy: all) did not find any beans (OnBeanCondition)

   RestClientObservationConfiguration matched:
      - @ConditionalOnClass found required class 'org.springframework.web.client.RestClient' (OnClassCondition)
      - @ConditionalOnBean (types: org.springframework.web.client.RestClient$Builder; SearchStrategy: all) found bean 'restClientBuilder' (OnBeanCondition)

   RestTemplateAutoConfiguration matched:
      - @ConditionalOnClass found required class 'org.springframework.web.client.RestTemplate' (OnClassCondition)
      - NoneNestedConditions 0 matched 1 did not; NestedCondition on NotReactiveWebApplicationCondition.ReactiveWebApplication did not find reactive web application classes (NotReactiveWebApplicationCondition)

   RestTemplateAutoConfiguration#restTemplateBuilder matched:
      - @ConditionalOnMissingBean (types: org.springframework.boot.web.client.RestTemplateBuilder; SearchStrategy: all) did not find any beans (OnBeanCondition)

   RestTemplateObservationConfiguration matched:
      - @ConditionalOnClass found required class 'org.springframework.web.client.RestTemplate' (OnClassCondition)
      - @ConditionalOnBean (types: org.springframework.boot.web.client.RestTemplateBuilder; SearchStrategy: all) found bean 'restTemplateBuilder' (OnBeanCondition)

   ScheduledTasksObservabilityAutoConfiguration matched:
      - @ConditionalOnClass found required class 'org.springframework.scheduling.concurrent.ThreadPoolTaskScheduler' (OnClassCondition)
      - @ConditionalOnBean (types: io.micrometer.observation.ObservationRegistry; SearchStrategy: all) found bean 'observationRegistry' (OnBeanCondition)

   ServletEndpointManagementContextConfiguration matched:
      - found 'session' scope (OnWebApplicationCondition)

   ServletEndpointManagementContextConfiguration.WebMvcServletEndpointManagementContextConfiguration matched:
      - @ConditionalOnClass found required class 'org.springframework.web.servlet.DispatcherServlet' (OnClassCondition)

   ServletManagementContextAutoConfiguration matched:
      - @ConditionalOnClass found required class 'jakarta.servlet.Servlet' (OnClassCondition)
      - found 'session' scope (OnWebApplicationCondition)

   ServletWebServerFactoryAutoConfiguration matched:
      - @ConditionalOnClass found required class 'jakarta.servlet.ServletRequest' (OnClassCondition)
      - found 'session' scope (OnWebApplicationCondition)

   ServletWebServerFactoryAutoConfiguration#tomcatServletWebServerFactoryCustomizer matched:
      - @ConditionalOnClass found required class 'org.apache.catalina.startup.Tomcat' (OnClassCondition)

   ServletWebServerFactoryConfiguration.EmbeddedTomcat matched:
      - @ConditionalOnClass found required classes 'jakarta.servlet.Servlet', 'org.apache.catalina.startup.Tomcat', 'org.apache.coyote.UpgradeProtocol' (OnClassCondition)
      - @ConditionalOnMissingBean (types: org.springframework.boot.web.servlet.server.ServletWebServerFactory; SearchStrategy: current) did not find any beans (OnBeanCondition)

   SimpleCacheConfiguration matched:
      - Cache org.springframework.boot.autoconfigure.cache.SimpleCacheConfiguration automatic cache type (CacheCondition)

   SimpleMetricsExportAutoConfiguration matched:
      - @ConditionalOnEnabledMetricsExport management.simple.metrics.export.enabled is true (OnMetricsExportEnabledCondition)
      - @ConditionalOnBean (types: io.micrometer.core.instrument.Clock; SearchStrategy: all) found bean 'micrometerClock'; @ConditionalOnMissingBean (types: io.micrometer.core.instrument.MeterRegistry; SearchStrategy: all) did not find any beans (OnBeanCondition)

   SimpleMetricsExportAutoConfiguration#simpleConfig matched:
      - @ConditionalOnMissingBean (types: io.micrometer.core.instrument.simple.SimpleConfig; SearchStrategy: all) did not find any beans (OnBeanCondition)

   SpringDataWebAutoConfiguration matched:
      - @ConditionalOnClass found required classes 'org.springframework.data.web.PageableHandlerMethodArgumentResolver', 'org.springframework.web.servlet.config.annotation.WebMvcConfigurer' (OnClassCondition)
      - found 'session' scope (OnWebApplicationCondition)
      - @ConditionalOnMissingBean (types: org.springframework.data.web.PageableHandlerMethodArgumentResolver; SearchStrategy: all) did not find any beans (OnBeanCondition)

   SpringDataWebAutoConfiguration#pageableCustomizer matched:
      - @ConditionalOnMissingBean (types: org.springframework.data.web.config.PageableHandlerMethodArgumentResolverCustomizer; SearchStrategy: all) did not find any beans (OnBeanCondition)

   SpringDataWebAutoConfiguration#sortCustomizer matched:
      - @ConditionalOnMissingBean (types: org.springframework.data.web.config.SortHandlerMethodArgumentResolverCustomizer; SearchStrategy: all) did not find any beans (OnBeanCondition)

   SpringDocConfigProperties matched:
      - @ConditionalOnProperty (springdoc.api-docs.enabled) matched (OnPropertyCondition)
      - @ConditionalOnBean (types: org.springdoc.core.configuration.SpringDocConfiguration; SearchStrategy: all) found bean 'org.springdoc.core.configuration.SpringDocConfiguration' (OnBeanCondition)

   SpringDocConfiguration matched:
      - @ConditionalOnWebApplication (required) found 'session' scope (OnWebApplicationCondition)
      - @ConditionalOnProperty (springdoc.api-docs.enabled) matched (OnPropertyCondition)

   SpringDocConfiguration#fileSupportConverter matched:
      - @ConditionalOnMissingBean (types: org.springdoc.core.converters.FileSupportConverter; SearchStrategy: all) did not find any beans (OnBeanCondition)

   SpringDocConfiguration#openAPIBuilder matched:
      - @ConditionalOnMissingBean (types: org.springdoc.core.service.OpenAPIService; SearchStrategy: all) did not find any beans (OnBeanCondition)

   SpringDocConfiguration#operationBuilder matched:
      - @ConditionalOnMissingBean (types: org.springdoc.core.service.OperationService; SearchStrategy: all) did not find any beans (OnBeanCondition)

   SpringDocConfiguration#parameterBuilder matched:
      - @ConditionalOnMissingBean (types: org.springdoc.core.service.GenericParameterService; SearchStrategy: all) did not find any beans (OnBeanCondition)

   SpringDocConfiguration#polymorphicModelConverter matched:
      - @ConditionalOnProperty (springdoc.model-converters.polymorphic-converter.enabled) matched (OnPropertyCondition)
      - @ConditionalOnMissingBean (types: org.springdoc.core.converters.PolymorphicModelConverter; SearchStrategy: all) did not find any beans (OnBeanCondition)

   SpringDocConfiguration#requestBodyBuilder matched:
      - @ConditionalOnMissingBean (types: org.springdoc.core.service.RequestBodyService; SearchStrategy: all) did not find any beans (OnBeanCondition)

   SpringDocConfiguration#responseSupportConverter matched:
      - @ConditionalOnMissingBean (types: org.springdoc.core.converters.ResponseSupportConverter; SearchStrategy: all) did not find any beans (OnBeanCondition)

   SpringDocConfiguration#schemaPropertyDeprecatingConverter matched:
      - @ConditionalOnProperty (springdoc.model-converters.deprecating-converter.enabled) matched (OnPropertyCondition)
      - @ConditionalOnMissingBean (types: org.springdoc.core.converters.SchemaPropertyDeprecatingConverter; SearchStrategy: all) did not find any beans (OnBeanCondition)

   SpringDocConfiguration#securityParser matched:
      - @ConditionalOnMissingBean (types: org.springdoc.core.service.SecurityService; SearchStrategy: all) did not find any beans (OnBeanCondition)

   SpringDocConfiguration#springDocCustomizers matched:
      - @ConditionalOnMissingBean (types: org.springdoc.core.customizers.SpringDocCustomizers; SearchStrategy: all) did not find any beans (OnBeanCondition)

   SpringDocConfiguration#springDocProviders matched:
      - @ConditionalOnMissingBean (types: org.springdoc.core.providers.SpringDocProviders; SearchStrategy: all) did not find any beans (OnBeanCondition)

   SpringDocConfiguration#springdocObjectMapperProvider matched:
      - @ConditionalOnMissingBean (types: org.springdoc.core.providers.ObjectMapperProvider; SearchStrategy: all) did not find any beans (OnBeanCondition)

   SpringDocConfiguration.QuerydslProvider matched:
      - @ConditionalOnClass found required class 'org.springframework.data.querydsl.binding.QuerydslBindingsFactory' (OnClassCondition)

   SpringDocConfiguration.QuerydslProvider#queryDslQuerydslPredicateOperationCustomizer matched:
      - @ConditionalOnMissingBean (types: org.springdoc.core.customizers.QuerydslPredicateOperationCustomizer; SearchStrategy: all) did not find any beans (OnBeanCondition)

   SpringDocConfiguration.SpringDocSpringDataWebPropertiesProvider matched:
      - @ConditionalOnClass found required class 'org.springframework.boot.autoconfigure.data.web.SpringDataWebProperties' (OnClassCondition)

   SpringDocConfiguration.SpringDocSpringDataWebPropertiesProvider#springDataWebPropertiesProvider matched:
      - @ConditionalOnMissingBean (types: org.springdoc.core.providers.SpringDataWebPropertiesProvider; SearchStrategy: all) did not find any beans (OnBeanCondition)

   SpringDocConfiguration.WebConversionServiceConfiguration matched:
      - @ConditionalOnClass found required class 'org.springframework.boot.autoconfigure.web.format.WebConversionService' (OnClassCondition)

   SpringDocPageableConfiguration matched:
      - @ConditionalOnClass found required class 'org.springframework.data.domain.Pageable' (OnClassCondition)
      - @ConditionalOnWebApplication (required) found 'session' scope (OnWebApplicationCondition)
      - @ConditionalOnProperty (springdoc.api-docs.enabled) matched (OnPropertyCondition)
      - @ConditionalOnBean (types: org.springdoc.core.configuration.SpringDocConfiguration; SearchStrategy: all) found bean 'org.springdoc.core.configuration.SpringDocConfiguration' (OnBeanCondition)

   SpringDocPageableConfiguration#delegatingMethodParameterCustomizer matched:
      - @ConditionalOnMissingBean (types: org.springdoc.core.customizers.DelegatingMethodParameterCustomizer; SearchStrategy: all) did not find any beans (OnBeanCondition)

   SpringDocPageableConfiguration#pageOpenAPIConverter matched:
      - @ConditionalOnClass found required classes 'org.springframework.data.web.PagedModel', 'org.springframework.data.web.config.SpringDataWebSettings' (OnClassCondition)
      - @ConditionalOnMissingBean (types: org.springdoc.core.converters.PageOpenAPIConverter; SearchStrategy: all) did not find any beans (OnBeanCondition)

   SpringDocPageableConfiguration#pageableOpenAPIConverter matched:
      - @ConditionalOnProperty (springdoc.model-converters.pageable-converter.enabled) matched (OnPropertyCondition)
      - @ConditionalOnMissingBean (types: org.springdoc.core.converters.PageableOpenAPIConverter; SearchStrategy: all) did not find any beans (OnBeanCondition)

   SpringDocSortConfiguration matched:
      - @ConditionalOnClass found required class 'org.springframework.data.domain.Sort' (OnClassCondition)
      - @ConditionalOnWebApplication (required) found 'session' scope (OnWebApplicationCondition)
      - @ConditionalOnProperty (springdoc.api-docs.enabled) matched (OnPropertyCondition)
      - @ConditionalOnBean (types: org.springdoc.core.configuration.SpringDocConfiguration; SearchStrategy: all) found bean 'org.springdoc.core.configuration.SpringDocConfiguration' (OnBeanCondition)

   SpringDocSortConfiguration#sortOpenAPIConverter matched:
      - @ConditionalOnProperty (springdoc.sort-converter.enabled) matched (OnPropertyCondition)
      - @ConditionalOnMissingBean (types: org.springdoc.core.converters.SortOpenAPIConverter; SearchStrategy: all) did not find any beans (OnBeanCondition)

   SpringDocUIConfiguration matched:
      - @ConditionalOnWebApplication (required) found 'session' scope (OnWebApplicationCondition)
      - @ConditionalOnBean (types: org.springdoc.core.configuration.SpringDocConfiguration; SearchStrategy: all) found bean 'org.springdoc.core.configuration.SpringDocConfiguration' (OnBeanCondition)

   SpringDocWebMvcConfiguration matched:
      - found 'session' scope (OnWebApplicationCondition)
      - @ConditionalOnProperty (springdoc.api-docs.enabled) matched (OnPropertyCondition)
      - @ConditionalOnBean (types: org.springdoc.core.configuration.SpringDocConfiguration; SearchStrategy: all) found bean 'org.springdoc.core.configuration.SpringDocConfiguration' (OnBeanCondition)

   SpringDocWebMvcConfiguration#openApiResource matched:
      - @ConditionalOnExpression (#{(${springdoc.use-management-port:false} == false ) and ${springdoc.enable-default-api-docs:true}}) resulted in true (OnExpressionCondition)
      - @ConditionalOnMissingBean (types: org.springdoc.webmvc.api.OpenApiWebMvcResource; SearchStrategy: all) did not find any beans (OnBeanCondition)

   SpringDocWebMvcConfiguration#requestBuilder matched:
      - @ConditionalOnMissingBean (types: org.springdoc.webmvc.core.service.RequestService; SearchStrategy: all) did not find any beans (OnBeanCondition)

   SpringDocWebMvcConfiguration#responseBuilder matched:
      - @ConditionalOnMissingBean (types: org.springdoc.core.service.GenericResponseService; SearchStrategy: all) did not find any beans (OnBeanCondition)

   SpringDocWebMvcConfiguration#springWebProvider matched:
      - @ConditionalOnMissingBean (types: org.springdoc.core.providers.SpringWebProvider; SearchStrategy: all) did not find any beans (OnBeanCondition)

   SpringDocWebMvcConfiguration.SpringDocWebMvcActuatorConfiguration matched:
      - @ConditionalOnClass found required class 'org.springframework.boot.actuate.endpoint.web.servlet.WebMvcEndpointHandlerMapping' (OnClassCondition)

   SpringDocWebMvcConfiguration.SpringDocWebMvcRouterConfiguration matched:
      - @ConditionalOnClass found required class 'org.springframework.web.servlet.function.RouterFunction' (OnClassCondition)

   SpringDocWebMvcConfiguration.SpringDocWebMvcRouterConfiguration#routerFunctionProvider matched:
      - @ConditionalOnMissingBean (types: org.springdoc.webmvc.core.providers.RouterFunctionWebMvcProvider; SearchStrategy: all) did not find any beans (OnBeanCondition)

   SqlInitializationAutoConfiguration matched:
      - @ConditionalOnProperty (spring.sql.init.enabled) matched (OnPropertyCondition)
      - NoneNestedConditions 0 matched 1 did not; NestedCondition on SqlInitializationAutoConfiguration.SqlInitializationModeCondition.ModeIsNever @ConditionalOnProperty (spring.sql.init.mode=never) did not find property 'mode' (SqlInitializationAutoConfiguration.SqlInitializationModeCondition)

   SslAutoConfiguration#sslBundleRegistry matched:
      - @ConditionalOnMissingBean (types: org.springframework.boot.ssl.SslBundleRegistry,org.springframework.boot.ssl.SslBundles; SearchStrategy: all) did not find any beans (OnBeanCondition)

   StartupTimeMetricsListenerAutoConfiguration matched:
      - @ConditionalOnClass found required class 'io.micrometer.core.instrument.MeterRegistry' (OnClassCondition)
      - @ConditionalOnBean (types: io.micrometer.core.instrument.MeterRegistry; SearchStrategy: all) found bean 'simpleMeterRegistry' (OnBeanCondition)

   StartupTimeMetricsListenerAutoConfiguration#startupTimeMetrics matched:
      - @ConditionalOnMissingBean (types: org.springframework.boot.actuate.metrics.startup.StartupTimeMetricsListener; SearchStrategy: all) did not find any beans (OnBeanCondition)

   SwaggerConfig matched:
      - found 'session' scope (OnWebApplicationCondition)
      - @ConditionalOnProperty (springdoc.swagger-ui.enabled) matched (OnPropertyCondition)
      - @ConditionalOnBean (types: org.springdoc.core.configuration.SpringDocConfiguration; SearchStrategy: all) found bean 'org.springdoc.core.configuration.SpringDocConfiguration' (OnBeanCondition)

   SwaggerConfig#indexPageTransformer matched:
      - @ConditionalOnMissingBean (types: org.springdoc.webmvc.ui.SwaggerIndexTransformer; SearchStrategy: all) did not find any beans (OnBeanCondition)

   SwaggerConfig#swaggerConfigResource matched:
      - @ConditionalOnProperty (springdoc.use-management-port=false) matched (OnPropertyCondition)
      - @ConditionalOnMissingBean (types: org.springdoc.webmvc.ui.SwaggerConfigResource; SearchStrategy: all) did not find any beans (OnBeanCondition)

   SwaggerConfig#swaggerResourceResolver matched:
      - @ConditionalOnMissingBean (types: org.springdoc.webmvc.ui.SwaggerResourceResolver; SearchStrategy: all) did not find any beans (OnBeanCondition)

   SwaggerConfig#swaggerWebMvcConfigurer matched:
      - @ConditionalOnMissingBean (types: org.springdoc.webmvc.ui.SwaggerWebMvcConfigurer; SearchStrategy: all) did not find any beans (OnBeanCondition)

   SwaggerConfig#swaggerWelcome matched:
      - @ConditionalOnProperty (springdoc.use-management-port=false) matched (OnPropertyCondition)
      - @ConditionalOnMissingBean (types: org.springdoc.webmvc.ui.SwaggerWelcomeWebMvc; SearchStrategy: all) did not find any beans (OnBeanCondition)

   SwaggerUiConfigParameters matched:
      - @ConditionalOnProperty (springdoc.swagger-ui.enabled) matched (OnPropertyCondition)
      - @ConditionalOnBean (types: org.springdoc.core.configuration.SpringDocConfiguration; SearchStrategy: all) found bean 'org.springdoc.core.configuration.SpringDocConfiguration' (OnBeanCondition)

   SwaggerUiConfigProperties matched:
      - @ConditionalOnProperty (springdoc.swagger-ui.enabled) matched (OnPropertyCondition)
      - @ConditionalOnBean (types: org.springdoc.core.configuration.SpringDocConfiguration; SearchStrategy: all) found bean 'org.springdoc.core.configuration.SpringDocConfiguration' (OnBeanCondition)

   SwaggerUiOAuthProperties matched:
      - @ConditionalOnProperty (springdoc.swagger-ui.enabled) matched (OnPropertyCondition)
      - @ConditionalOnBean (types: org.springdoc.core.configuration.SpringDocConfiguration; SearchStrategy: all) found bean 'org.springdoc.core.configuration.SpringDocConfiguration' (OnBeanCondition)

   SystemMetricsAutoConfiguration matched:
      - @ConditionalOnClass found required class 'io.micrometer.core.instrument.MeterRegistry' (OnClassCondition)
      - @ConditionalOnBean (types: io.micrometer.core.instrument.MeterRegistry; SearchStrategy: all) found bean 'simpleMeterRegistry' (OnBeanCondition)

   SystemMetricsAutoConfiguration#diskSpaceMetrics matched:
      - @ConditionalOnMissingBean (types: org.springframework.boot.actuate.metrics.system.DiskSpaceMetricsBinder; SearchStrategy: all) did not find any beans (OnBeanCondition)

   SystemMetricsAutoConfiguration#fileDescriptorMetrics matched:
      - @ConditionalOnMissingBean (types: io.micrometer.core.instrument.binder.system.FileDescriptorMetrics; SearchStrategy: all) did not find any beans (OnBeanCondition)

   SystemMetricsAutoConfiguration#processorMetrics matched:
      - @ConditionalOnMissingBean (types: io.micrometer.core.instrument.binder.system.ProcessorMetrics; SearchStrategy: all) did not find any beans (OnBeanCondition)

   SystemMetricsAutoConfiguration#uptimeMetrics matched:
      - @ConditionalOnMissingBean (types: io.micrometer.core.instrument.binder.system.UptimeMetrics; SearchStrategy: all) did not find any beans (OnBeanCondition)

   TaskExecutionAutoConfiguration matched:
      - @ConditionalOnClass found required class 'org.springframework.scheduling.concurrent.ThreadPoolTaskExecutor' (OnClassCondition)

   TaskExecutorConfigurations.SimpleAsyncTaskExecutorBuilderConfiguration#simpleAsyncTaskExecutorBuilder matched:
      - @ConditionalOnMissingBean (types: org.springframework.boot.task.SimpleAsyncTaskExecutorBuilder; SearchStrategy: all) did not find any beans (OnBeanCondition)
      - @ConditionalOnThreading found PLATFORM (OnThreadingCondition)

   TaskExecutorConfigurations.TaskExecutorBuilderConfiguration#taskExecutorBuilder matched:
      - @ConditionalOnMissingBean (types: org.springframework.boot.task.TaskExecutorBuilder; SearchStrategy: all) did not find any beans (OnBeanCondition)

   TaskExecutorConfigurations.TaskExecutorConfiguration matched:
      - @ConditionalOnMissingBean (types: java.util.concurrent.Executor; SearchStrategy: all) did not find any beans (OnBeanCondition)

   TaskExecutorConfigurations.TaskExecutorConfiguration#applicationTaskExecutor matched:
      - @ConditionalOnThreading found PLATFORM (OnThreadingCondition)

   TaskExecutorConfigurations.ThreadPoolTaskExecutorBuilderConfiguration#threadPoolTaskExecutorBuilder matched:
      - @ConditionalOnMissingBean (types: org.springframework.boot.task.TaskExecutorBuilder,org.springframework.boot.task.ThreadPoolTaskExecutorBuilder; SearchStrategy: all) did not find any beans (OnBeanCondition)

   TaskExecutorMetricsAutoConfiguration matched:
      - @ConditionalOnClass found required class 'io.micrometer.core.instrument.binder.jvm.ExecutorServiceMetrics' (OnClassCondition)
      - @ConditionalOnBean (types: java.util.concurrent.Executor,io.micrometer.core.instrument.MeterRegistry; SearchStrategy: all) found beans 'applicationTaskExecutor', 'simpleMeterRegistry' (OnBeanCondition)

   TaskSchedulingAutoConfiguration matched:
      - @ConditionalOnClass found required class 'org.springframework.scheduling.concurrent.ThreadPoolTaskScheduler' (OnClassCondition)

   TaskSchedulingConfigurations.SimpleAsyncTaskSchedulerBuilderConfiguration#simpleAsyncTaskSchedulerBuilder matched:
      - @ConditionalOnMissingBean (types: org.springframework.boot.task.SimpleAsyncTaskSchedulerBuilder; SearchStrategy: all) did not find any beans (OnBeanCondition)
      - @ConditionalOnThreading found PLATFORM (OnThreadingCondition)

   TaskSchedulingConfigurations.TaskSchedulerBuilderConfiguration#taskSchedulerBuilder matched:
      - @ConditionalOnMissingBean (types: org.springframework.boot.task.TaskSchedulerBuilder; SearchStrategy: all) did not find any beans (OnBeanCondition)

   TaskSchedulingConfigurations.ThreadPoolTaskSchedulerBuilderConfiguration#threadPoolTaskSchedulerBuilder matched:
      - @ConditionalOnMissingBean (types: org.springframework.boot.task.TaskSchedulerBuilder,org.springframework.boot.task.ThreadPoolTaskSchedulerBuilder; SearchStrategy: all) did not find any beans (OnBeanCondition)

   TomcatMetricsAutoConfiguration matched:
      - @ConditionalOnClass found required classes 'io.micrometer.core.instrument.binder.tomcat.TomcatMetrics', 'org.apache.catalina.Manager' (OnClassCondition)
      - @ConditionalOnWebApplication (required) found 'session' scope (OnWebApplicationCondition)

   TomcatMetricsAutoConfiguration#tomcatMetricsBinder matched:
      - @ConditionalOnBean (types: io.micrometer.core.instrument.MeterRegistry; SearchStrategy: all) found bean 'simpleMeterRegistry'; @ConditionalOnMissingBean (types: io.micrometer.core.instrument.binder.tomcat.TomcatMetrics,org.springframework.boot.actuate.metrics.web.tomcat.TomcatMetricsBinder; SearchStrategy: all) did not find any beans (OnBeanCondition)

   TransactionAutoConfiguration matched:
      - @ConditionalOnClass found required class 'org.springframework.transaction.PlatformTransactionManager' (OnClassCondition)

   TransactionAutoConfiguration.EnableTransactionManagementConfiguration matched:
      - @ConditionalOnBean (types: org.springframework.transaction.TransactionManager; SearchStrategy: all) found bean 'transactionManager'; @ConditionalOnMissingBean (types: org.springframework.transaction.annotation.AbstractTransactionManagementConfiguration; SearchStrategy: all) did not find any beans (OnBeanCondition)

   TransactionAutoConfiguration.EnableTransactionManagementConfiguration.CglibAutoProxyConfiguration matched:
      - @ConditionalOnProperty (spring.aop.proxy-target-class=true) matched (OnPropertyCondition)

   TransactionAutoConfiguration.TransactionTemplateConfiguration matched:
      - @ConditionalOnSingleCandidate (types: org.springframework.transaction.PlatformTransactionManager; SearchStrategy: all) found a single bean 'transactionManager' (OnBeanCondition)

   TransactionAutoConfiguration.TransactionTemplateConfiguration#transactionTemplate matched:
      - @ConditionalOnMissingBean (types: org.springframework.transaction.support.TransactionOperations; SearchStrategy: all) did not find any beans (OnBeanCondition)

   TransactionManagerCustomizationAutoConfiguration matched:
      - @ConditionalOnClass found required class 'org.springframework.transaction.PlatformTransactionManager' (OnClassCondition)

   TransactionManagerCustomizationAutoConfiguration#platformTransactionManagerCustomizers matched:
      - @ConditionalOnMissingBean (types: org.springframework.boot.autoconfigure.transaction.TransactionManagerCustomizers; SearchStrategy: all) did not find any beans (OnBeanCondition)

   ValidationAutoConfiguration matched:
      - @ConditionalOnClass found required class 'jakarta.validation.executable.ExecutableValidator' (OnClassCondition)
      - @ConditionalOnResource found location classpath:META-INF/services/jakarta.validation.spi.ValidationProvider (OnResourceCondition)

   ValidationAutoConfiguration#defaultValidator matched:
      - @ConditionalOnMissingBean (types: jakarta.validation.Validator; SearchStrategy: all) did not find any beans (OnBeanCondition)

   ValidationAutoConfiguration#methodValidationPostProcessor matched:
      - @ConditionalOnMissingBean (types: org.springframework.validation.beanvalidation.MethodValidationPostProcessor; SearchStrategy: current) did not find any beans (OnBeanCondition)

   WebEndpointAutoConfiguration matched:
      - @ConditionalOnWebApplication (required) found 'session' scope (OnWebApplicationCondition)

   WebEndpointAutoConfiguration#controllerEndpointDiscoverer matched:
      - @ConditionalOnMissingBean (types: org.springframework.boot.actuate.endpoint.web.annotation.ControllerEndpointsSupplier; SearchStrategy: all) did not find any beans (OnBeanCondition)

   WebEndpointAutoConfiguration#endpointMediaTypes matched:
      - @ConditionalOnMissingBean (types: org.springframework.boot.actuate.endpoint.web.EndpointMediaTypes; SearchStrategy: all) did not find any beans (OnBeanCondition)

   WebEndpointAutoConfiguration#pathMappedEndpoints matched:
      - @ConditionalOnMissingBean (types: org.springframework.boot.actuate.endpoint.web.PathMappedEndpoints; SearchStrategy: all) did not find any beans (OnBeanCondition)

   WebEndpointAutoConfiguration#webEndpointDiscoverer matched:
      - @ConditionalOnMissingBean (types: org.springframework.boot.actuate.endpoint.web.WebEndpointsSupplier; SearchStrategy: all) did not find any beans (OnBeanCondition)

   WebEndpointAutoConfiguration.WebEndpointServletConfiguration matched:
      - found 'session' scope (OnWebApplicationCondition)

   WebEndpointAutoConfiguration.WebEndpointServletConfiguration#servletEndpointDiscoverer matched:
      - @ConditionalOnMissingBean (types: org.springframework.boot.actuate.endpoint.web.annotation.ServletEndpointsSupplier; SearchStrategy: all) did not find any beans (OnBeanCondition)

   WebMvcAutoConfiguration matched:
      - @ConditionalOnClass found required classes 'jakarta.servlet.Servlet', 'org.springframework.web.servlet.DispatcherServlet', 'org.springframework.web.servlet.config.annotation.WebMvcConfigurer' (OnClassCondition)
      - found 'session' scope (OnWebApplicationCondition)
      - @ConditionalOnMissingBean (types: org.springframework.web.servlet.config.annotation.WebMvcConfigurationSupport; SearchStrategy: all) did not find any beans (OnBeanCondition)

   WebMvcAutoConfiguration#formContentFilter matched:
      - @ConditionalOnProperty (spring.mvc.formcontent.filter.enabled) matched (OnPropertyCondition)
      - @ConditionalOnMissingBean (types: org.springframework.web.filter.FormContentFilter; SearchStrategy: all) did not find any beans (OnBeanCondition)

   WebMvcAutoConfiguration.EnableWebMvcConfiguration#flashMapManager matched:
      - @ConditionalOnMissingBean (names: flashMapManager; SearchStrategy: all) did not find any beans (OnBeanCondition)

   WebMvcAutoConfiguration.EnableWebMvcConfiguration#localeResolver matched:
      - @ConditionalOnMissingBean (names: localeResolver; SearchStrategy: all) did not find any beans (OnBeanCondition)

   WebMvcAutoConfiguration.EnableWebMvcConfiguration#themeResolver matched:
      - @ConditionalOnMissingBean (names: themeResolver; SearchStrategy: all) did not find any beans (OnBeanCondition)

   WebMvcAutoConfiguration.WebMvcAutoConfigurationAdapter#defaultViewResolver matched:
      - @ConditionalOnMissingBean (types: org.springframework.web.servlet.view.InternalResourceViewResolver; SearchStrategy: all) did not find any beans (OnBeanCondition)

   WebMvcAutoConfiguration.WebMvcAutoConfigurationAdapter#requestContextFilter matched:
      - @ConditionalOnMissingBean (types: org.springframework.web.context.request.RequestContextListener,org.springframework.web.filter.RequestContextFilter; SearchStrategy: all) did not find any beans (OnBeanCondition)

   WebMvcAutoConfiguration.WebMvcAutoConfigurationAdapter#viewResolver matched:
      - @ConditionalOnBean (types: org.springframework.web.servlet.ViewResolver; SearchStrategy: all) found beans 'defaultViewResolver', 'beanNameViewResolver', 'mvcViewResolver'; @ConditionalOnMissingBean (names: viewResolver types: org.springframework.web.servlet.view.ContentNegotiatingViewResolver; SearchStrategy: all) did not find any beans (OnBeanCondition)

   WebMvcEndpointManagementContextConfiguration matched:
      - @ConditionalOnClass found required class 'org.springframework.web.servlet.DispatcherServlet' (OnClassCondition)
      - found 'session' scope (OnWebApplicationCondition)
      - @ConditionalOnBean (types: org.springframework.web.servlet.DispatcherServlet,org.springframework.boot.actuate.endpoint.web.WebEndpointsSupplier; SearchStrategy: all) found beans 'webEndpointDiscoverer', 'dispatcherServlet' (OnBeanCondition)

   WebMvcEndpointManagementContextConfiguration#controllerEndpointHandlerMapping matched:
      - @ConditionalOnMissingBean (types: org.springframework.boot.actuate.endpoint.web.servlet.ControllerEndpointHandlerMapping; SearchStrategy: all) did not find any beans (OnBeanCondition)

[...]
        s1_0.proficiency 
    from
        staffing_requests sre1_0 
    left join
        skills s1_0 
            on sre1_0.id=s1_0.staffing_request_id 
    where
        sre1_0.id=?
2026-05-19T16:09:19.638+05:30 DEBUG 21804 --- [candidate-onboarding] [           main] org.hibernate.SQL                        : 
    select
        ie1_0.id,
        ie1_0.candidate_id,
        ie1_0.duration_minutes,
        ie1_0.feedback,
        ie1_0.interview_type,
        ie1_0.overall_score,
        pm1_0.interview_id,
        pm1_0.member_order,
        pm1_0.panel_member,
        ie1_0.scheduled_at,
        ie1_0.staffing_request_id,
        ie1_0.status,
        ie1_0.teams_link 
    from
        interviews ie1_0 
    left join
        interview_panel_members pm1_0 
            on ie1_0.id=pm1_0.interview_id 
    where
        ie1_0.id=?
2026-05-19T16:09:19.651+05:30 DEBUG 21804 --- [candidate-onboarding] [           main] org.hibernate.SQL                        : 
    insert 
    into
        interviews
        (candidate_id, duration_minutes, feedback, interview_type, overall_score, scheduled_at, staffing_request_id, status, teams_link, id) 
    values
        (?, ?, ?, ?, ?, ?, ?, ?, ?, ?)
2026-05-19T16:09:19.660+05:30 DEBUG 21804 --- [candidate-onboarding] [           main] org.hibernate.SQL                        : 
    update
        candidates 
    set
        email=?,
        name=?,
        phone=?,
        resume_id=?,
        source=?,
        status=? 
    where
        id=?
2026-05-19T16:09:19.666+05:30 DEBUG 21804 --- [candidate-onboarding] [           main] org.hibernate.SQL                        : 
    insert 
    into
        interview_panel_members
        (interview_id, member_order, panel_member) 
    values
        (?, ?, ?)
2026-05-19T16:09:19.671+05:30 DEBUG 21804 --- [candidate-onboarding] [           main] m.m.a.RequestResponseBodyMethodProcessor : Using 'application/json', given [*/*] and supported [application/json, application/*+json]
2026-05-19T16:09:19.682+05:30 DEBUG 21804 --- [candidate-onboarding] [           main] m.m.a.RequestResponseBodyMethodProcessor : Writing [InterviewResponse[id=int-f15d571c, candidateId=cand-210646b8, staffingRequestId=req-1e701cf0, schedu (truncated)...]
2026-05-19T16:09:19.687+05:30 DEBUG 21804 --- [candidate-onboarding] [           main] s.w.s.m.m.a.RequestMappingHandlerMapping : Mapped to com.ibm.candidateonboarding.api.HiringWorkflowController#completeInterview(String, InterviewCompleteRequest)
2026-05-19T16:09:19.694+05:30 DEBUG 21804 --- [candidate-onboarding] [           main] m.m.a.RequestResponseBodyMethodProcessor : Read "application/json;charset=UTF-8" to [InterviewCompleteRequest[feedback=Strong system design and Java knowledge, overallScore=88]]
2026-05-19T16:09:19.703+05:30 DEBUG 21804 --- [candidate-onboarding] [           main] org.hibernate.SQL                        : 
    select
        ie1_0.id,
        ie1_0.candidate_id,
        ie1_0.duration_minutes,
        ie1_0.feedback,
        ie1_0.interview_type,
        ie1_0.overall_score,
        pm1_0.interview_id,
        pm1_0.member_order,
        pm1_0.panel_member,
        ie1_0.scheduled_at,
        ie1_0.staffing_request_id,
        ie1_0.status,
        ie1_0.teams_link 
    from
        interviews ie1_0 
    left join
        interview_panel_members pm1_0 
            on ie1_0.id=pm1_0.interview_id 
    where
        ie1_0.id=?
2026-05-19T16:09:19.706+05:30 DEBUG 21804 --- [candidate-onboarding] [           main] org.hibernate.SQL                        : 
    update
        interviews 
    set
        candidate_id=?,
        duration_minutes=?,
        feedback=?,
        interview_type=?,
        overall_score=?,
        scheduled_at=?,
        staffing_request_id=?,
        status=?,
        teams_link=? 
    where
        id=?
2026-05-19T16:09:19.709+05:30 DEBUG 21804 --- [candidate-onboarding] [           main] m.m.a.RequestResponseBodyMethodProcessor : Using 'application/json', given [*/*] and supported [application/json, application/*+json]
2026-05-19T16:09:19.709+05:30 DEBUG 21804 --- [candidate-onboarding] [           main] m.m.a.RequestResponseBodyMethodProcessor : Writing [InterviewResponse[id=int-f15d571c, candidateId=cand-210646b8, staffingRequestId=req-1e701cf0, schedu (truncated)...]
2026-05-19T16:09:19.711+05:30 DEBUG 21804 --- [candidate-onboarding] [           main] s.w.s.m.m.a.RequestMappingHandlerMapping : Mapped to com.ibm.candidateonboarding.api.HiringWorkflowController#createDecision(ShortlistDecisionRequest)
2026-05-19T16:09:19.714+05:30 DEBUG 21804 --- [candidate-onboarding] [           main] m.m.a.RequestResponseBodyMethodProcessor : Read "application/json;charset=UTF-8" to [ShortlistDecisionRequest[interviewId=int-f15d571c, candidateId=cand-210646b8, status=selected, reaso (truncated)...]
2026-05-19T16:09:19.722+05:30 DEBUG 21804 --- [candidate-onboarding] [           main] org.hibernate.SQL                        : 
    select
        ie1_0.id,
        ie1_0.candidate_id,
        ie1_0.duration_minutes,
        ie1_0.feedback,
        ie1_0.interview_type,
        ie1_0.overall_score,
        pm1_0.interview_id,
        pm1_0.member_order,
        pm1_0.panel_member,
        ie1_0.scheduled_at,
        ie1_0.staffing_request_id,
        ie1_0.status,
        ie1_0.teams_link 
    from
        interviews ie1_0 
    left join
        interview_panel_members pm1_0 
            on ie1_0.id=pm1_0.interview_id 
    where
        ie1_0.id=?
2026-05-19T16:09:19.728+05:30 DEBUG 21804 --- [candidate-onboarding] [           main] org.hibernate.SQL                        : 
    select
        sde1_0.id,
        sde1_0.candidate_id,
        sde1_0.interview_id,
        sde1_0.notification_triggered,
        sde1_0.overall_score,
        sde1_0.reasoning,
        sde1_0.status 
    from
        shortlist_decisions sde1_0 
    where
        sde1_0.id=?
2026-05-19T16:09:19.730+05:30 DEBUG 21804 --- [candidate-onboarding] [           main] org.hibernate.SQL                        : 
    select
        ce1_0.id,
        ce1_0.email,
        ce1_0.name,
        ce1_0.phone,
        r1_0.id,
        r1_0.last_updated,
        r1_0.source_name,
        r1_0.source_type,
        r1_0.summary,
        r1_0.total_experience_years,
        r1_0.url,
        ce1_0.source,
        ce1_0.status,
        s1_0.candidate_id,
        s1_0.id,
        s1_0.mandatory,
        s1_0.minimum_years_of_experience,
        s1_0.name,
        s1_0.proficiency 
    from
        candidates ce1_0 
    left join
        resumes r1_0 
            on r1_0.id=ce1_0.resume_id 
    left join
        skills s1_0 
            on ce1_0.id=s1_0.candidate_id 
    where
        ce1_0.id=?
2026-05-19T16:09:19.735+05:30 DEBUG 21804 --- [candidate-onboarding] [           main] org.hibernate.SQL                        : 
    select
        ne1_0.id,
        ne1_0.created_at,
        ne1_0.message,
        ne1_0.recipient 
    from
        notifications ne1_0 
    where
        ne1_0.id=?
2026-05-19T16:09:19.738+05:30 DEBUG 21804 --- [candidate-onboarding] [           main] org.hibernate.SQL                        : 
    insert 
    into
        shortlist_decisions
        (candidate_id, interview_id, notification_triggered, overall_score, reasoning, status, id) 
    values
        (?, ?, ?, ?, ?, ?, ?)
2026-05-19T16:09:19.739+05:30 DEBUG 21804 --- [candidate-onboarding] [           main] org.hibernate.SQL                        : 
    insert 
    into
        notifications
        (created_at, message, recipient, id) 
    values
        (?, ?, ?, ?)
2026-05-19T16:09:19.740+05:30 DEBUG 21804 --- [candidate-onboarding] [           main] org.hibernate.SQL                        : 
    update
        candidates 
    set
        email=?,
        name=?,
        phone=?,
        resume_id=?,
        source=?,
        status=? 
    where
        id=?
2026-05-19T16:09:19.744+05:30 DEBUG 21804 --- [candidate-onboarding] [           main] m.m.a.RequestResponseBodyMethodProcessor : Using 'application/json', given [*/*] and supported [application/json, application/*+json]
2026-05-19T16:09:19.745+05:30 DEBUG 21804 --- [candidate-onboarding] [           main] m.m.a.RequestResponseBodyMethodProcessor : Writing [ShortlistDecisionResponse[id=sd-902a0edf, interviewId=int-f15d571c, candidateId=cand-210646b8, statu (truncated)...]
2026-05-19T16:09:19.748+05:30 DEBUG 21804 --- [candidate-onboarding] [           main] s.w.s.m.m.a.RequestMappingHandlerMapping : Mapped to com.ibm.candidateonboarding.api.HiringWorkflowController#scheduleMeeting(FaceToFaceMeetingRequest)
2026-05-19T16:09:19.752+05:30 DEBUG 21804 --- [candidate-onboarding] [           main] m.m.a.RequestResponseBodyMethodProcessor : Read "application/json;charset=UTF-8" to [FaceToFaceMeetingRequest[shortListDecisionId=sd-902a0edf, candidateId=cand-210646b8, projectId=prj-9 (truncated)...]
2026-05-19T16:09:19.760+05:30 DEBUG 21804 --- [candidate-onboarding] [           main] org.hibernate.SQL                        : 
    select
        sde1_0.id,
        sde1_0.candidate_id,
        sde1_0.interview_id,
        sde1_0.notification_triggered,
        sde1_0.overall_score,
        sde1_0.reasoning,
        sde1_0.status 
    from
        shortlist_decisions sde1_0 
    where
        sde1_0.id=?
2026-05-19T16:09:19.764+05:30 DEBUG 21804 --- [candidate-onboarding] [           main] org.hibernate.SQL                        : 
    select
        ftfme1_0.id,
        ftfme1_0.agenda,
        ftfme1_0.agreement_reached,
        ftfme1_0.candidate_id,
        ftfme1_0.location,
        ftfme1_0.outcome,
        ftfme1_0.project_id,
        ftfme1_0.scheduled_at,
        ftfme1_0.short_list_decision_id,
        ftfme1_0.status 
    from
        face_to_face_meetings ftfme1_0 
    where
        ftfme1_0.id=?
2026-05-19T16:09:19.767+05:30 DEBUG 21804 --- [candidate-onboarding] [           main] org.hibernate.SQL                        : 
    insert 
    into
        face_to_face_meetings
        (agenda, agreement_reached, candidate_id, location, outcome, project_id, scheduled_at, short_list_decision_id, status, id) 
    values
        (?, ?, ?, ?, ?, ?, ?, ?, ?, ?)
2026-05-19T16:09:19.772+05:30 DEBUG 21804 --- [candidate-onboarding] [           main] m.m.a.RequestResponseBodyMethodProcessor : Using 'application/json', given [*/*] and supported [application/json, application/*+json]
2026-05-19T16:09:19.778+05:30 DEBUG 21804 --- [candidate-onboarding] [           main] m.m.a.RequestResponseBodyMethodProcessor : Writing [FaceToFaceMeetingResponse[id=mtg-011fcafd, shortListDecisionId=sd-902a0edf, candidateId=cand-210646b (truncated)...]
2026-05-19T16:09:19.782+05:30 DEBUG 21804 --- [candidate-onboarding] [           main] s.w.s.m.m.a.RequestMappingHandlerMapping : Mapped to com.ibm.candidateonboarding.api.HiringWorkflowController#completeMeeting(String, FaceToFaceMeetingCompleteRequest)
2026-05-19T16:09:19.788+05:30 DEBUG 21804 --- [candidate-onboarding] [           main] m.m.a.RequestResponseBodyMethodProcessor : Read "application/json;charset=UTF-8" to [FaceToFaceMeetingCompleteRequest[agreementReached=true, outcome=Candidate accepted terms]]
2026-05-19T16:09:19.795+05:30 DEBUG 21804 --- [candidate-onboarding] [           main] org.hibernate.SQL                        : 
    select
        ftfme1_0.id,
        ftfme1_0.agenda,
        ftfme1_0.agreement_reached,
        ftfme1_0.candidate_id,
        ftfme1_0.location,
        ftfme1_0.outcome,
        ftfme1_0.project_id,
        ftfme1_0.scheduled_at,
        ftfme1_0.short_list_decision_id,
        ftfme1_0.status 
    from
        face_to_face_meetings ftfme1_0 
    where
        ftfme1_0.id=?
2026-05-19T16:09:19.798+05:30 DEBUG 21804 --- [candidate-onboarding] [           main] org.hibernate.SQL                        : 
    update
        face_to_face_meetings 
    set
        agenda=?,
        agreement_reached=?,
        candidate_id=?,
        location=?,
        outcome=?,
        project_id=?,
        scheduled_at=?,
        short_list_decision_id=?,
        status=? 
    where
        id=?
2026-05-19T16:09:19.800+05:30 DEBUG 21804 --- [candidate-onboarding] [           main] m.m.a.RequestResponseBodyMethodProcessor : Using 'application/json', given [*/*] and supported [application/json, application/*+json]
2026-05-19T16:09:19.800+05:30 DEBUG 21804 --- [candidate-onboarding] [           main] m.m.a.RequestResponseBodyMethodProcessor : Writing [FaceToFaceMeetingResponse[id=mtg-011fcafd, shortListDecisionId=sd-902a0edf, candidateId=cand-210646b (truncated)...]
2026-05-19T16:09:19.803+05:30 DEBUG 21804 --- [candidate-onboarding] [           main] s.w.s.m.m.a.RequestMappingHandlerMapping : Mapped to com.ibm.candidateonboarding.api.HiringWorkflowController#initiateOnboarding(OnboardingInitiateRequest)
2026-05-19T16:09:19.806+05:30 DEBUG 21804 --- [candidate-onboarding] [           main] m.m.a.RequestResponseBodyMethodProcessor : Read "application/json;charset=UTF-8" to [OnboardingInitiateRequest[candidateId=cand-210646b8, projectId=prj-9ec81912, faceToFaceMeetingId=mtg (truncated)...]
2026-05-19T16:09:19.812+05:30 DEBUG 21804 --- [candidate-onboarding] [           main] org.hibernate.SQL                        : 
    select
        ftfme1_0.id,
        ftfme1_0.agenda,
        ftfme1_0.agreement_reached,
        ftfme1_0.candidate_id,
        ftfme1_0.location,
        ftfme1_0.outcome,
        ftfme1_0.project_id,
        ftfme1_0.scheduled_at,
        ftfme1_0.short_list_decision_id,
        ftfme1_0.status 
    from
        face_to_face_meetings ftfme1_0 
    where
        ftfme1_0.id=?
2026-05-19T16:09:19.815+05:30 DEBUG 21804 --- [candidate-onboarding] [           main] org.hibernate.SQL                        : 
    select
        ce1_0.id,
        ce1_0.email,
        ce1_0.name,
        ce1_0.phone,
        r1_0.id,
        r1_0.last_updated,
        r1_0.source_name,
        r1_0.source_type,
        r1_0.summary,
        r1_0.total_experience_years,
        r1_0.url,
        ce1_0.source,
        ce1_0.status,
        s1_0.candidate_id,
        s1_0.id,
        s1_0.mandatory,
        s1_0.minimum_years_of_experience,
        s1_0.name,
        s1_0.proficiency 
    from
        candidates ce1_0 
    left join
        resumes r1_0 
            on r1_0.id=ce1_0.resume_id 
    left join
        skills s1_0 
            on ce1_0.id=s1_0.candidate_id 
    where
        ce1_0.id=?
2026-05-19T16:09:19.821+05:30 DEBUG 21804 --- [candidate-onboarding] [           main] org.hibernate.SQL                        : 
    select
        ne1_0.id,
        ne1_0.created_at,
        ne1_0.message,
        ne1_0.recipient 
    from
        notifications ne1_0 
    where
        ne1_0.id=?
2026-05-19T16:09:19.823+05:30 DEBUG 21804 --- [candidate-onboarding] [           main] org.hibernate.SQL                        : 
    select
        owe1_0.id,
        owe1_0.candidate_id,
        owe1_0.expected_completion_date,
        owe1_0.face_to_face_meeting_id,
        owe1_0.hr_notification_sent,
        owe1_0.progress,
        owe1_0.project_id,
        owe1_0.status,
        owe1_0.training_program_name 
    from
        onboarding_workflows owe1_0 
    where
        owe1_0.id=?
2026-05-19T16:09:19.827+05:30 DEBUG 21804 --- [candidate-onboarding] [           main] org.hibernate.SQL                        : 
    insert 
    into
        notifications
        (created_at, message, recipient, id) 
    values
        (?, ?, ?, ?)
2026-05-19T16:09:19.828+05:30 DEBUG 21804 --- [candidate-onboarding] [           main] org.hibernate.SQL                        : 
    insert 
    into
        onboarding_workflows
        (candidate_id, expected_completion_date, face_to_face_meeting_id, hr_notification_sent, progress, project_id, status, training_program_name, id) 
    values
        (?, ?, ?, ?, ?, ?, ?, ?, ?)
2026-05-19T16:09:19.830+05:30 DEBUG 21804 --- [candidate-onboarding] [           main] org.hibernate.SQL                        : 
    update
        candidates 
    set
        email=?,
        name=?,
        phone=?,
        resume_id=?,
        source=?,
        status=? 
    where
        id=?
2026-05-19T16:09:19.836+05:30 DEBUG 21804 --- [candidate-onboarding] [           main] m.m.a.RequestResponseBodyMethodProcessor : Using 'application/json', given [*/*] and supported [application/json, application/*+json]
2026-05-19T16:09:19.844+05:30 DEBUG 21804 --- [candidate-onboarding] [           main] m.m.a.RequestResponseBodyMethodProcessor : Writing [OnboardingWorkflowResponse[id=onb-976aa9cf, candidateId=cand-210646b8, projectId=prj-9ec81912, faceT (truncated)...]
2026-05-19T16:09:19.849+05:30 DEBUG 21804 --- [candidate-onboarding] [           main] s.w.s.m.m.a.RequestMappingHandlerMapping : Mapped to com.ibm.candidateonboarding.api.HiringWorkflowController#listNotifications()
2026-05-19T16:09:19.852+05:30 DEBUG 21804 --- [candidate-onboarding] [           main] org.hibernate.SQL                        : 
    select
        ne1_0.id,
        ne1_0.created_at,
        ne1_0.message,
        ne1_0.recipient 
    from
        notifications ne1_0
2026-05-19T16:09:19.856+05:30 DEBUG 21804 --- [candidate-onboarding] [           main] m.m.a.RequestResponseBodyMethodProcessor : Using 'application/json', given [*/*] and supported [application/json, application/*+json]
2026-05-19T16:09:19.857+05:30 DEBUG 21804 --- [candidate-onboarding] [           main] m.m.a.RequestResponseBodyMethodProcessor : Writing [[NotificationResponse[id=ntf-fb768543, recipient=hr-team@example.com, message=External candidate reg (truncated)...]
]]></system-out>
  </testcase>
  <testcase name="shouldRejectShortlistDecisionWithoutCompletedInterview" classname="com.ibm.candidateonboarding.HiringWorkflowControllerTest" time="0.066">
    <system-out><![CDATA[2026-05-19T16:09:19.903+05:30 DEBUG 21804 --- [candidate-onboarding] [           main] s.w.s.m.m.a.RequestMappingHandlerMapping : Mapped to com.ibm.candidateonboarding.api.HiringWorkflowController#createDecision(ShortlistDecisionRequest)
2026-05-19T16:09:19.904+05:30 DEBUG 21804 --- [candidate-onboarding] [           main] m.m.a.RequestResponseBodyMethodProcessor : Read "application/json;charset=UTF-8" to [ShortlistDecisionRequest[interviewId=missing, candidateId=missing, status=selected, reasoning=Invali (truncated)...]
2026-05-19T16:09:19.908+05:30 DEBUG 21804 --- [candidate-onboarding] [           main] org.hibernate.SQL                        : 
    select
        ie1_0.id,
        ie1_0.candidate_id,
        ie1_0.duration_minutes,
        ie1_0.feedback,
        ie1_0.interview_type,
        ie1_0.overall_score,
        pm1_0.interview_id,
        pm1_0.member_order,
        pm1_0.panel_member,
        ie1_0.scheduled_at,
        ie1_0.staffing_request_id,
        ie1_0.status,
        ie1_0.teams_link 
    from
        interviews ie1_0 
    left join
        interview_panel_members pm1_0 
            on ie1_0.id=pm1_0.interview_id 
    where
        ie1_0.id=?
2026-05-19T16:09:19.917+05:30 DEBUG 21804 --- [candidate-onboarding] [           main] .m.m.a.ExceptionHandlerExceptionResolver : Using @ExceptionHandler com.ibm.candidateonboarding.api.ApiExceptionHandler#handleIllegalArgument(IllegalArgumentException)
2026-05-19T16:09:19.943+05:30 DEBUG 21804 --- [candidate-onboarding] [           main] o.s.w.s.m.m.a.HttpEntityMethodProcessor  : Using 'application/problem+json', given [*/*] and supported [application/problem+json]
2026-05-19T16:09:19.949+05:30 DEBUG 21804 --- [candidate-onboarding] [           main] o.s.w.s.m.m.a.HttpEntityMethodProcessor  : Writing [ProblemDetail[type='about:blank', title='Business rule violation', status=400, detail='Interview not (truncated)...]
2026-05-19T16:09:19.951+05:30 DEBUG 21804 --- [candidate-onboarding] [           main] .m.m.a.ExceptionHandlerExceptionResolver : Resolved [java.lang.IllegalArgumentException: Interview not found: missing]
]]></system-out>
  </testcase>
</testsuite>